Started GET "/" for 127.0.0.1 at 2023-11-12 16:57:57 +0000
  [1m[35m (19.1ms)[0m  [1m[35mCREATE TABLE "schema_migrations" ("version" varchar NOT NULL PRIMARY KEY)[0m
  [1m[35m (0.2ms)[0m  [1m[35mCREATE TABLE "ar_internal_metadata" ("key" varchar NOT NULL PRIMARY KEY, "value" varchar, "created_at" datetime(6) NOT NULL, "updated_at" datetime(6) NOT NULL)[0m
  [1m[36mActiveRecord::SchemaMigration Load (0.4ms)[0m  [1m[34mSELECT "schema_migrations"."version" FROM "schema_migrations" ORDER BY "schema_migrations"."version" ASC[0m
Processing by Rails::WelcomeController#index as HTML
  Rendering /usr/local/rvm/gems/ruby-3.2.2/gems/railties-7.1.2/lib/rails/templates/rails/welcome/index.html.erb
  Rendered /usr/local/rvm/gems/ruby-3.2.2/gems/railties-7.1.2/lib/rails/templates/rails/welcome/index.html.erb (Duration: 0.7ms | Allocations: 375)
Completed 200 OK in 29ms (Views: 7.5ms | ActiveRecord: 0.0ms | Allocations: 7879)


Started GET "/compute" for 127.0.0.1 at 2023-11-12 16:58:01 +0000
  
ActionController::RoutingError (No route matches [GET] "/compute"):
  
Started GET "/compute/input" for 127.0.0.1 at 2023-11-12 16:58:06 +0000
Processing by ComputeController#input as HTML
  Rendering layout layouts/application.html.erb
  Rendering compute/input.html.erb within layouts/application
  Rendered compute/input.html.erb within layouts/application (Duration: 0.3ms | Allocations: 95)
  Rendered layout layouts/application.html.erb (Duration: 301.3ms | Allocations: 94074)
Completed 200 OK in 303ms (Views: 302.6ms | ActiveRecord: 0.0ms | Allocations: 94969)


Started GET "/" for 127.0.0.1 at 2023-11-12 16:59:35 +0000
Processing by Rails::WelcomeController#index as HTML
  Rendering /usr/local/rvm/gems/ruby-3.2.2/gems/railties-7.1.2/lib/rails/templates/rails/welcome/index.html.erb
  Rendered /usr/local/rvm/gems/ruby-3.2.2/gems/railties-7.1.2/lib/rails/templates/rails/welcome/index.html.erb (Duration: 0.7ms | Allocations: 265)
Completed 200 OK in 3ms (Views: 2.5ms | ActiveRecord: 0.0ms | Allocations: 898)


Started GET "/" for 127.0.0.1 at 2023-11-12 16:59:43 +0000
  [1m[36mActiveRecord::SchemaMigration Load (0.1ms)[0m  [1m[34mSELECT "schema_migrations"."version" FROM "schema_migrations" ORDER BY "schema_migrations"."version" ASC[0m
Processing by Rails::WelcomeController#index as HTML
  Rendering /usr/local/rvm/gems/ruby-3.2.2/gems/railties-7.1.2/lib/rails/templates/rails/welcome/index.html.erb
  Rendered /usr/local/rvm/gems/ruby-3.2.2/gems/railties-7.1.2/lib/rails/templates/rails/welcome/index.html.erb (Duration: 0.7ms | Allocations: 375)
Completed 200 OK in 10ms (Views: 3.9ms | ActiveRecord: 0.0ms | Allocations: 4270)


Started GET "/" for 127.0.0.1 at 2023-11-12 16:59:45 +0000
Processing by Rails::WelcomeController#index as HTML
  Rendering /usr/local/rvm/gems/ruby-3.2.2/gems/railties-7.1.2/lib/rails/templates/rails/welcome/index.html.erb
  Rendered /usr/local/rvm/gems/ruby-3.2.2/gems/railties-7.1.2/lib/rails/templates/rails/welcome/index.html.erb (Duration: 0.1ms | Allocations: 13)
Completed 200 OK in 1ms (Views: 0.5ms | ActiveRecord: 0.0ms | Allocations: 211)


Started GET "/" for 127.0.0.1 at 2023-11-12 17:02:26 +0000
  [1m[36mActiveRecord::SchemaMigration Load (0.1ms)[0m  [1m[34mSELECT "schema_migrations"."version" FROM "schema_migrations" ORDER BY "schema_migrations"."version" ASC[0m
Processing by ComputeController#input as HTML
  Rendering layout layouts/application.html.erb
  Rendering compute/input.html.erb within layouts/application
  Rendered compute/input.html.erb within layouts/application (Duration: 0.4ms | Allocations: 185)
  Rendered layout layouts/application.html.erb (Duration: 64.9ms | Allocations: 36674)
Completed 200 OK in 74ms (Views: 68.3ms | ActiveRecord: 0.0ms | Allocations: 40732)


Started GET "/" for 127.0.0.1 at 2023-11-12 17:04:05 +0000
  [1m[36mActiveRecord::SchemaMigration Load (0.1ms)[0m  [1m[34mSELECT "schema_migrations"."version" FROM "schema_migrations" ORDER BY "schema_migrations"."version" ASC[0m
Processing by MainController#index as HTML
Redirected to http://127.0.0.1:3000/compute/input
Completed 302 Found in 2ms (ActiveRecord: 0.0ms | Allocations: 1091)


Started GET "/compute/input" for 127.0.0.1 at 2023-11-12 17:04:05 +0000
Processing by ComputeController#input as HTML
  Rendering layout layouts/application.html.erb
  Rendering compute/input.html.erb within layouts/application
  Rendered compute/input.html.erb within layouts/application (Duration: 0.4ms | Allocations: 184)
  Rendered layout layouts/application.html.erb (Duration: 47.7ms | Allocations: 35636)
Completed 200 OK in 54ms (Views: 50.5ms | ActiveRecord: 0.0ms | Allocations: 38875)


Started GET "/" for 127.0.0.1 at 2023-11-12 17:04:10 +0000
Processing by MainController#index as HTML
Redirected to http://127.0.0.1:3000/compute/input
Completed 302 Found in 0ms (ActiveRecord: 0.0ms | Allocations: 121)


Started GET "/compute/input" for 127.0.0.1 at 2023-11-12 17:04:10 +0000
Processing by ComputeController#input as HTML
  Rendering layout layouts/application.html.erb
  Rendering compute/input.html.erb within layouts/application
  Rendered compute/input.html.erb within layouts/application (Duration: 0.0ms | Allocations: 7)
  Rendered layout layouts/application.html.erb (Duration: 3.1ms | Allocations: 2185)
Completed 200 OK in 4ms (Views: 3.6ms | ActiveRecord: 0.0ms | Allocations: 2433)


Started GET "/" for 127.0.0.1 at 2023-11-12 17:04:13 +0000
Processing by MainController#index as HTML
Redirected to http://127.0.0.1:3000/compute/input
Completed 302 Found in 0ms (ActiveRecord: 0.0ms | Allocations: 121)


Started GET "/compute/input" for 127.0.0.1 at 2023-11-12 17:04:13 +0000
Processing by ComputeController#input as HTML
  Rendering layout layouts/application.html.erb
  Rendering compute/input.html.erb within layouts/application
  Rendered compute/input.html.erb within layouts/application (Duration: 0.0ms | Allocations: 7)
  Rendered layout layouts/application.html.erb (Duration: 3.4ms | Allocations: 2161)
Completed 200 OK in 4ms (Views: 4.1ms | ActiveRecord: 0.0ms | Allocations: 2408)


Started GET "/" for 127.0.0.1 at 2023-11-12 18:38:03 +0000
  [1m[36mActiveRecord::SchemaMigration Load (0.1ms)[0m  [1m[34mSELECT "schema_migrations"."version" FROM "schema_migrations" ORDER BY "schema_migrations"."version" ASC[0m
Processing by MainController#index as HTML
Redirected to http://127.0.0.1:3000/compute/input
Completed 302 Found in 3ms (ActiveRecord: 0.0ms | Allocations: 1091)


Started GET "/compute/input" for 127.0.0.1 at 2023-11-12 18:38:03 +0000
Processing by ComputeController#input as HTML
  Rendering layout layouts/application.html.erb
  Rendering compute/input.html.erb within layouts/application
  Rendered compute/input.html.erb within layouts/application (Duration: 1.1ms | Allocations: 482)
  Rendered layout layouts/application.html.erb (Duration: 144.7ms | Allocations: 35357)
Completed 200 OK in 167ms (Views: 151.4ms | ActiveRecord: 0.0ms | Allocations: 38596)


Started GET "/compute/view?n=10&commit=Compute+result" for 127.0.0.1 at 2023-11-12 18:38:09 +0000
Processing by ComputeController#view as HTML
  Parameters: {"n"=>"10", "commit"=>"Compute result"}
Completed 500 Internal Server Error in 1ms (ActiveRecord: 0.0ms | Allocations: 500)


  
NameError (undefined local variable or method `param' for #<ComputeController:0x0000000000aac8>):
  
app/controllers/compute_controller.rb:11:in `view'
Started GET "/" for 127.0.0.1 at 2023-11-12 18:38:56 +0000
  [1m[36mActiveRecord::SchemaMigration Load (0.1ms)[0m  [1m[34mSELECT "schema_migrations"."version" FROM "schema_migrations" ORDER BY "schema_migrations"."version" ASC[0m
Processing by MainController#index as HTML
Redirected to http://127.0.0.1:3000/compute/input
Completed 302 Found in 2ms (ActiveRecord: 0.0ms | Allocations: 1091)


Started GET "/compute/input" for 127.0.0.1 at 2023-11-12 18:38:56 +0000
Processing by ComputeController#input as HTML
  Rendering layout layouts/application.html.erb
  Rendering compute/input.html.erb within layouts/application
  Rendered compute/input.html.erb within layouts/application (Duration: 0.9ms | Allocations: 482)
  Rendered layout layouts/application.html.erb (Duration: 48.6ms | Allocations: 35360)
Completed 200 OK in 57ms (Views: 51.9ms | ActiveRecord: 0.0ms | Allocations: 38599)


Started GET "/compute/view?n=152&commit=Compute+result" for 127.0.0.1 at 2023-11-12 18:38:59 +0000
Processing by ComputeController#view as HTML
  Parameters: {"n"=>"152", "commit"=>"Compute result"}
  Rendering layout layouts/application.html.erb
  Rendering compute/view.html.erb within layouts/application
  Rendered compute/view.html.erb within layouts/application (Duration: 12.1ms | Allocations: 6588)
  Rendered layout layouts/application.html.erb (Duration: 12.4ms | Allocations: 6690)
Completed 500 Internal Server Error in 13ms (ActiveRecord: 0.0ms | Allocations: 7362)


  
ActionView::SyntaxErrorInTemplate (Encountered a syntax error while rendering template: check <h1>Compute#view</h1>

<div>
<%= @result.each do |n| %>
    <div><%= n %></div>
    <div><%= n*n %></div>
<%= end& %>
</div>

):
1:    <h1>Compute#view</h1>
2:    
3:    <div>
4:    <%= @result.each do |n| %>
5:        <div><%= n %></div>
6:        <div><%= n*n %></div>
7:    <%= end& %>
8:    </div>
  
app/views/compute/view.html.erb:7: syntax error, unexpected `end'
app/views/compute/view.html.erb:11: syntax error, unexpected end-of-input
Started GET "/compute/input" for 127.0.0.1 at 2023-11-12 18:39:11 +0000
Processing by ComputeController#input as HTML
  Rendering layout layouts/application.html.erb
  Rendering compute/input.html.erb within layouts/application
  Rendered compute/input.html.erb within layouts/application (Duration: 0.7ms | Allocations: 296)
  Rendered layout layouts/application.html.erb (Duration: 14.7ms | Allocations: 13684)
Completed 200 OK in 18ms (Views: 16.5ms | ActiveRecord: 0.0ms | Allocations: 14589)


Started GET "/compute/view?n=152&commit=Compute+result" for 127.0.0.1 at 2023-11-12 18:39:13 +0000
Processing by ComputeController#view as HTML
  Parameters: {"n"=>"152", "commit"=>"Compute result"}
  Rendering layout layouts/application.html.erb
  Rendering compute/view.html.erb within layouts/application
  Rendered compute/view.html.erb within layouts/application (Duration: 0.6ms | Allocations: 1177)
  Rendered layout layouts/application.html.erb (Duration: 0.8ms | Allocations: 1279)
Completed 500 Internal Server Error in 2ms (ActiveRecord: 0.0ms | Allocations: 1926)


  
ActionView::SyntaxErrorInTemplate (Encountered a syntax error while rendering template: check <h1>Compute#view</h1>

<div>
<%= @result.each do |n| %>
    <div><%= n %></div>
    <div><%= n*n %></div>
<%= end %>
</div>

):
1:    <h1>Compute#view</h1>
2:    
3:    <div>
4:    <%= @result.each do |n| %>
5:        <div><%= n %></div>
6:        <div><%= n*n %></div>
7:    <%= end %>
8:    </div>
  
app/views/compute/view.html.erb:7: syntax error, unexpected `end'
app/views/compute/view.html.erb:11: syntax error, unexpected end-of-input
Started GET "/compute/input" for 127.0.0.1 at 2023-11-12 18:39:58 +0000
Processing by ComputeController#input as HTML
  Rendering layout layouts/application.html.erb
  Rendering compute/input.html.erb within layouts/application
  Rendered compute/input.html.erb within layouts/application (Duration: 0.5ms | Allocations: 294)
  Rendered layout layouts/application.html.erb (Duration: 10.9ms | Allocations: 13688)
Completed 200 OK in 13ms (Views: 11.9ms | ActiveRecord: 0.0ms | Allocations: 14590)


Started GET "/compute/view?n=152&commit=Compute+result" for 127.0.0.1 at 2023-11-12 18:39:59 +0000
Processing by ComputeController#view as HTML
  Parameters: {"n"=>"152", "commit"=>"Compute result"}
  Rendering layout layouts/application.html.erb
  Rendering compute/view.html.erb within layouts/application
  Rendered compute/view.html.erb within layouts/application (Duration: 0.5ms | Allocations: 218)
  Rendered layout layouts/application.html.erb (Duration: 3.5ms | Allocations: 2349)
Completed 200 OK in 5ms (Views: 4.2ms | ActiveRecord: 0.0ms | Allocations: 2972)


Started GET "/compute/view?n=152&commit=Compute+result" for 127.0.0.1 at 2023-11-12 18:41:31 +0000
Processing by ComputeController#view as HTML
  Parameters: {"n"=>"152", "commit"=>"Compute result"}
  Rendering layout layouts/application.html.erb
  Rendering compute/view.html.erb within layouts/application
  Rendered compute/view.html.erb within layouts/application (Duration: 0.4ms | Allocations: 218)
  Rendered layout layouts/application.html.erb (Duration: 12.0ms | Allocations: 13385)
Completed 200 OK in 15ms (Views: 13.6ms | ActiveRecord: 0.0ms | Allocations: 14604)


Started GET "/compute/view?n=152&commit=Compute+result" for 127.0.0.1 at 2023-11-12 18:43:39 +0000
Processing by ComputeController#view as HTML
  Parameters: {"n"=>"152", "commit"=>"Compute result"}
  Rendering layout layouts/application.html.erb
  Rendering compute/view.html.erb within layouts/application
  Rendered compute/view.html.erb within layouts/application (Duration: 0.4ms | Allocations: 224)
  Rendered layout layouts/application.html.erb (Duration: 11.9ms | Allocations: 13610)
Completed 200 OK in 14ms (Views: 13.1ms | ActiveRecord: 0.0ms | Allocations: 14830)


Started GET "/compute/view?n=152&commit=Compute+result" for 127.0.0.1 at 2023-11-12 18:45:27 +0000
Processing by ComputeController#view as */*
  Parameters: {"n"=>"152", "commit"=>"Compute result"}
  Rendering layout layouts/application.html.erb
  Rendering compute/view.html.erb within layouts/application
  Rendered compute/view.html.erb within layouts/application (Duration: 0.1ms | Allocations: 49)
  Rendered layout layouts/application.html.erb (Duration: 3.1ms | Allocations: 2052)
Completed 200 OK in 4ms (Views: 3.8ms | ActiveRecord: 0.0ms | Allocations: 2698)


Started GET "/" for 127.0.0.1 at 2023-11-12 18:46:27 +0000
  [1m[36mActiveRecord::SchemaMigration Load (0.1ms)[0m  [1m[34mSELECT "schema_migrations"."version" FROM "schema_migrations" ORDER BY "schema_migrations"."version" ASC[0m
Processing by MainController#index as HTML
Redirected to http://127.0.0.1:3000/compute/input
Completed 302 Found in 2ms (ActiveRecord: 0.0ms | Allocations: 1091)


Started GET "/compute/input" for 127.0.0.1 at 2023-11-12 18:46:27 +0000
Processing by ComputeController#input as HTML
  Rendering layout layouts/application.html.erb
  Rendering compute/input.html.erb within layouts/application
  Rendered compute/input.html.erb within layouts/application (Duration: 0.7ms | Allocations: 482)
  Rendered layout layouts/application.html.erb (Duration: 56.9ms | Allocations: 35243)
Completed 200 OK in 64ms (Views: 60.3ms | ActiveRecord: 0.0ms | Allocations: 38482)


Started GET "/compute/view?n=142&commit=Compute+result" for 127.0.0.1 at 2023-11-12 18:46:29 +0000
Processing by ComputeController#view as HTML
  Parameters: {"n"=>"142", "commit"=>"Compute result"}
  Rendering layout layouts/application.html.erb
  Rendering compute/view.html.erb within layouts/application
  Rendered compute/view.html.erb within layouts/application (Duration: 0.5ms | Allocations: 221)
  Rendered layout layouts/application.html.erb (Duration: 4.2ms | Allocations: 2367)
Completed 200 OK in 5ms (Views: 4.8ms | ActiveRecord: 0.0ms | Allocations: 2978)


Started GET "/compute/view?n=142&commit=Compute+result" for 127.0.0.1 at 2023-11-12 18:47:34 +0000
Processing by ComputeController#view as HTML
  Parameters: {"n"=>"142", "commit"=>"Compute result"}
  Rendering layout layouts/application.html.erb
  Rendering compute/view.html.erb within layouts/application
  Rendered compute/view.html.erb within layouts/application (Duration: 0.5ms | Allocations: 220)
  Rendered layout layouts/application.html.erb (Duration: 12.4ms | Allocations: 13384)
Completed 200 OK in 14ms (Views: 13.6ms | ActiveRecord: 0.0ms | Allocations: 14585)


Started GET "/compute/view?n=142&commit=Compute+result" for 127.0.0.1 at 2023-11-12 18:47:43 +0000
Processing by ComputeController#view as HTML
  Parameters: {"n"=>"142", "commit"=>"Compute result"}
  Rendering layout layouts/application.html.erb
  Rendering compute/view.html.erb within layouts/application
  Rendered compute/view.html.erb within layouts/application (Duration: 0.4ms | Allocations: 217)
  Rendered layout layouts/application.html.erb (Duration: 10.2ms | Allocations: 13619)
Completed 200 OK in 12ms (Views: 11.3ms | ActiveRecord: 0.0ms | Allocations: 14822)


Started GET "/compute/view?n=142&commit=Compute+result" for 127.0.0.1 at 2023-11-12 18:47:44 +0000
Processing by ComputeController#view as HTML
  Parameters: {"n"=>"142", "commit"=>"Compute result"}
  Rendering layout layouts/application.html.erb
  Rendering compute/view.html.erb within layouts/application
  Rendered compute/view.html.erb within layouts/application (Duration: 0.3ms | Allocations: 49)
  Rendered layout layouts/application.html.erb (Duration: 3.0ms | Allocations: 2186)
Completed 200 OK in 4ms (Views: 3.5ms | ActiveRecord: 0.0ms | Allocations: 2725)


Started GET "/compute/view?n=142&commit=Compute+result" for 127.0.0.1 at 2023-11-12 19:03:21 +0000
Processing by ComputeController#view as HTML
  Parameters: {"n"=>"142", "commit"=>"Compute result"}
  Rendering layout layouts/application.html.erb
  Rendering compute/view.html.erb within layouts/application
  Rendered compute/view.html.erb within layouts/application (Duration: 1.5ms | Allocations: 1502)
  Rendered layout layouts/application.html.erb (Duration: 1.9ms | Allocations: 1602)
Completed 500 Internal Server Error in 4ms (ActiveRecord: 0.0ms | Allocations: 2826)


  
ActionView::SyntaxErrorInTemplate (Encountered a syntax error while rendering template: check <h1>Compute#view</h1>

+-------+--------+
<% @result.each do |n| %>
<div>
| <div style="text-indent:20px;"><%= n %></div>| <div style="text-indent:20px;"><%= n*n %></div> |<% end %>
</div>
<% end %>
+-------+--------+


):
1:    <h1>Compute#view</h1>
2:    
3:    +-------+--------+
4:    <% @result.each do |n| %>
5:    <div>
6:    | <div style="text-indent:20px;"><%= n %></div>| <div style="text-indent:20px;"><%= n*n %></div> |<% end %>
7:    </div>
8:    <% end %>
9:    +-------+--------+
  
app/views/compute/view.html.erb:13: syntax error, unexpected `end'
Started GET "/compute/view?n=142&commit=Compute+result" for 127.0.0.1 at 2023-11-12 19:03:37 +0000
Processing by ComputeController#view as HTML
  Parameters: {"n"=>"142", "commit"=>"Compute result"}
  Rendering layout layouts/application.html.erb
  Rendering compute/view.html.erb within layouts/application
  Rendered compute/view.html.erb within layouts/application (Duration: 0.5ms | Allocations: 1185)
  Rendered layout layouts/application.html.erb (Duration: 0.8ms | Allocations: 1285)
Completed 500 Internal Server Error in 3ms (ActiveRecord: 0.0ms | Allocations: 2487)


  
ActionView::SyntaxErrorInTemplate (Encountered a syntax error while rendering template: check <h1>Compute#view</h1>

<div>
+-------+--------+
<% @result.each do |n| %>
<div>
| <div style="text-indent:20px;"><%= n %></div>| <div style="text-indent:20px;"><%= n*n %></div> |<% end %>
</div>
<% end %>
+-------+--------+


):
1:    <h1>Compute#view</h1>
2:    
3:    <div>
4:    +-------+--------+
5:    <% @result.each do |n| %>
6:    <div>
7:    | <div style="text-indent:20px;"><%= n %></div>| <div style="text-indent:20px;"><%= n*n %></div> |<% end %>
8:    </div>
9:    <% end %>
10:    +-------+--------+
  
app/views/compute/view.html.erb:14: syntax error, unexpected `end'
Started GET "/compute/view?n=142&commit=Compute+result" for 127.0.0.1 at 2023-11-12 19:05:33 +0000
Processing by ComputeController#view as HTML
  Parameters: {"n"=>"142", "commit"=>"Compute result"}
  Rendering layout layouts/application.html.erb
  Rendering compute/view.html.erb within layouts/application
  Rendered compute/view.html.erb within layouts/application (Duration: 2.6ms | Allocations: 1126)
  Rendered layout layouts/application.html.erb (Duration: 2.9ms | Allocations: 1226)
Completed 500 Internal Server Error in 5ms (ActiveRecord: 0.0ms | Allocations: 2428)


  
ActionView::SyntaxErrorInTemplate (Encountered a syntax error while rendering template: check <h1>Compute#view</h1>

<div>
+-------+--------+
<% @result.each do |n| %>
<div class="row">
| <div class="column"><%= n %></div>| <div class="column"><%= n*n %></div> |<% end %>
</div>
<% end %>
+-------+--------+
</div>

):
1:    <h1>Compute#view</h1>
2:    
3:    <div>
4:    +-------+--------+
5:    <% @result.each do |n| %>
6:    <div class="row">
7:    | <div class="column"><%= n %></div>| <div class="column"><%= n*n %></div> |<% end %>
8:    </div>
9:    <% end %>
10:    +-------+--------+
11:    </div>
  
app/views/compute/view.html.erb:14: syntax error, unexpected `end'
Started GET "/compute/view?n=142&commit=Compute+result" for 127.0.0.1 at 2023-11-12 19:05:47 +0000
Processing by ComputeController#view as HTML
  Parameters: {"n"=>"142", "commit"=>"Compute result"}
  Rendering layout layouts/application.html.erb
  Rendering compute/view.html.erb within layouts/application
  Rendered compute/view.html.erb within layouts/application (Duration: 0.6ms | Allocations: 1188)
  Rendered layout layouts/application.html.erb (Duration: 0.8ms | Allocations: 1288)
Completed 500 Internal Server Error in 3ms (ActiveRecord: 0.0ms | Allocations: 2493)


  
ActionView::SyntaxErrorInTemplate (Encountered a syntax error while rendering template: check <h1>Compute#view</h1>

<div>
+-------+--------+
<% @result.each do |n| %>
# <div class="row">
# | <div class="column"><%= n %></div>| <div class="column"><%= n*n %></div> |<% end %>
# </div>
<% end %>
+-------+--------+
</div>

):
1:    <h1>Compute#view</h1>
2:    
3:    <div>
4:    +-------+--------+
5:    <% @result.each do |n| %>
6:    # <div class="row">
7:    # | <div class="column"><%= n %></div>| <div class="column"><%= n*n %></div> |<% end %>
8:    # </div>
9:    <% end %>
10:    +-------+--------+
11:    </div>
  
app/views/compute/view.html.erb:14: syntax error, unexpected `end'
Started GET "/compute/view?n=142&commit=Compute+result" for 127.0.0.1 at 2023-11-12 19:05:55 +0000
Processing by ComputeController#view as HTML
  Parameters: {"n"=>"142", "commit"=>"Compute result"}
  Rendering layout layouts/application.html.erb
  Rendering compute/view.html.erb within layouts/application
  Rendered compute/view.html.erb within layouts/application (Duration: 0.5ms | Allocations: 1184)
  Rendered layout layouts/application.html.erb (Duration: 0.9ms | Allocations: 1284)
Completed 500 Internal Server Error in 3ms (ActiveRecord: 0.0ms | Allocations: 2486)


  
ActionView::SyntaxErrorInTemplate (Encountered a syntax error while rendering template: check <h1>Compute#view</h1>

<div>
+-------+--------+
<% @result.each do |n| %>
<div class="row">
| <div class="column"><%= n %></div>| <div class="column"><%= n*n %></div> |<% end %>
</div>
<% end %>
+-------+--------+
</div>

):
1:    <h1>Compute#view</h1>
2:    
3:    <div>
4:    +-------+--------+
5:    <% @result.each do |n| %>
6:    <div class="row">
7:    | <div class="column"><%= n %></div>| <div class="column"><%= n*n %></div> |<% end %>
8:    </div>
9:    <% end %>
10:    +-------+--------+
11:    </div>
  
app/views/compute/view.html.erb:14: syntax error, unexpected `end'
Started GET "/compute/view?n=142&commit=Compute+result" for 127.0.0.1 at 2023-11-12 19:08:16 +0000
Processing by ComputeController#view as HTML
  Parameters: {"n"=>"142", "commit"=>"Compute result"}
  Rendering layout layouts/application.html.erb
  Rendering compute/view.html.erb within layouts/application
  Rendered compute/view.html.erb within layouts/application (Duration: 0.3ms | Allocations: 154)
  Rendered layout layouts/application.html.erb (Duration: 38.3ms | Allocations: 16042)
Completed 200 OK in 41ms (Views: 40.1ms | ActiveRecord: 0.0ms | Allocations: 17242)


Started GET "/compute/view?n=142&commit=Compute+result" for 127.0.0.1 at 2023-11-12 19:08:31 +0000
Processing by ComputeController#view as HTML
  Parameters: {"n"=>"142", "commit"=>"Compute result"}
  Rendering layout layouts/application.html.erb
  Rendering compute/view.html.erb within layouts/application
  Rendered compute/view.html.erb within layouts/application (Duration: 0.6ms | Allocations: 1184)
  Rendered layout layouts/application.html.erb (Duration: 1.1ms | Allocations: 1284)
Completed 500 Internal Server Error in 5ms (ActiveRecord: 0.0ms | Allocations: 2486)


  
ActionView::SyntaxErrorInTemplate (Encountered a syntax error while rendering template: check <h1>Compute#view</h1>

+-------+--------+
<div>
<% @result.each do |n| %>
    <div class="row">
    | <div class="column"><%= n %></div>| <div class="column"><%= n*n %></div> |<% end %>
    </div>
<% end %>
</div>
+-------+--------+

):
1:    <h1>Compute#view</h1>
2:    
3:    +-------+--------+
4:    <div>
5:    <% @result.each do |n| %>
6:        <div class="row">
7:        | <div class="column"><%= n %></div>| <div class="column"><%= n*n %></div> |<% end %>
8:        </div>
9:    <% end %>
10:    </div>
11:    +-------+--------+
  
app/views/compute/view.html.erb:14: syntax error, unexpected `end'
Started GET "/compute/view?n=142&commit=Compute+result" for 127.0.0.1 at 2023-11-12 19:08:56 +0000
Processing by ComputeController#view as HTML
  Parameters: {"n"=>"142", "commit"=>"Compute result"}
  Rendering layout layouts/application.html.erb
  Rendering compute/view.html.erb within layouts/application
  Rendered compute/view.html.erb within layouts/application (Duration: 0.4ms | Allocations: 222)
  Rendered layout layouts/application.html.erb (Duration: 10.5ms | Allocations: 13599)
Completed 200 OK in 12ms (Views: 11.6ms | ActiveRecord: 0.0ms | Allocations: 14794)


Started GET "/compute/view?n=142&commit=Compute+result" for 127.0.0.1 at 2023-11-12 19:09:17 +0000
Processing by ComputeController#view as HTML
  Parameters: {"n"=>"142", "commit"=>"Compute result"}
  Rendering layout layouts/application.html.erb
  Rendering compute/view.html.erb within layouts/application
  Rendered compute/view.html.erb within layouts/application (Duration: 0.1ms | Allocations: 49)
  Rendered layout layouts/application.html.erb (Duration: 6.5ms | Allocations: 3538)
Completed 200 OK in 7ms (Views: 7.0ms | ActiveRecord: 0.0ms | Allocations: 4076)


Started GET "/compute/view?n=142&commit=Compute+result" for 127.0.0.1 at 2023-11-12 19:09:18 +0000
Processing by ComputeController#view as HTML
  Parameters: {"n"=>"142", "commit"=>"Compute result"}
  Rendering layout layouts/application.html.erb
  Rendering compute/view.html.erb within layouts/application
  Rendered compute/view.html.erb within layouts/application (Duration: 0.1ms | Allocations: 49)
  Rendered layout layouts/application.html.erb (Duration: 7.0ms | Allocations: 3543)
Completed 200 OK in 8ms (Views: 7.4ms | ActiveRecord: 0.0ms | Allocations: 4082)


Started GET "/compute/view?n=142&commit=Compute+result" for 127.0.0.1 at 2023-11-12 19:09:44 +0000
Processing by ComputeController#view as HTML
  Parameters: {"n"=>"142", "commit"=>"Compute result"}
  Rendering layout layouts/application.html.erb
  Rendering compute/view.html.erb within layouts/application
  Rendered compute/view.html.erb within layouts/application (Duration: 0.1ms | Allocations: 49)
  Rendered layout layouts/application.html.erb (Duration: 6.3ms | Allocations: 3542)
Completed 200 OK in 8ms (Views: 6.7ms | ActiveRecord: 0.0ms | Allocations: 4081)


Started GET "/compute/view?n=142&commit=Compute+result" for 127.0.0.1 at 2023-11-12 19:09:52 +0000
Processing by ComputeController#view as HTML
  Parameters: {"n"=>"142", "commit"=>"Compute result"}
  Rendering layout layouts/application.html.erb
  Rendering compute/view.html.erb within layouts/application
  Rendered compute/view.html.erb within layouts/application (Duration: 0.1ms | Allocations: 49)
  Rendered layout layouts/application.html.erb (Duration: 7.6ms | Allocations: 3543)
Completed 200 OK in 8ms (Views: 8.1ms | ActiveRecord: 0.0ms | Allocations: 4082)


Started GET "/compute/view?n=142&commit=Compute+result" for 127.0.0.1 at 2023-11-12 19:09:53 +0000
Processing by ComputeController#view as HTML
  Parameters: {"n"=>"142", "commit"=>"Compute result"}
  Rendering layout layouts/application.html.erb
  Rendering compute/view.html.erb within layouts/application
  Rendered compute/view.html.erb within layouts/application (Duration: 0.1ms | Allocations: 49)
  Rendered layout layouts/application.html.erb (Duration: 6.3ms | Allocations: 3519)
Completed 200 OK in 7ms (Views: 6.7ms | ActiveRecord: 0.0ms | Allocations: 4058)


Started GET "/compute/view?n=142&commit=Compute+result" for 127.0.0.1 at 2023-11-12 19:09:54 +0000
Processing by ComputeController#view as HTML
  Parameters: {"n"=>"142", "commit"=>"Compute result"}
  Rendering layout layouts/application.html.erb
  Rendering compute/view.html.erb within layouts/application
  Rendered compute/view.html.erb within layouts/application (Duration: 0.1ms | Allocations: 49)
  Rendered layout layouts/application.html.erb (Duration: 3.1ms | Allocations: 2198)
Completed 200 OK in 4ms (Views: 3.5ms | ActiveRecord: 0.0ms | Allocations: 2737)


Started GET "/compute/view?n=142&commit=Compute+result" for 127.0.0.1 at 2023-11-12 19:09:58 +0000
Processing by ComputeController#view as HTML
  Parameters: {"n"=>"142", "commit"=>"Compute result"}
  Rendering layout layouts/application.html.erb
  Rendering compute/view.html.erb within layouts/application
  Rendered compute/view.html.erb within layouts/application (Duration: 0.1ms | Allocations: 49)
  Rendered layout layouts/application.html.erb (Duration: 6.5ms | Allocations: 3527)
Completed 200 OK in 7ms (Views: 6.9ms | ActiveRecord: 0.0ms | Allocations: 4066)


Started GET "/compute/view?n=142&commit=Compute+result" for 127.0.0.1 at 2023-11-12 19:10:02 +0000
Processing by ComputeController#view as HTML
  Parameters: {"n"=>"142", "commit"=>"Compute result"}
  Rendering layout layouts/application.html.erb
  Rendering compute/view.html.erb within layouts/application
  Rendered compute/view.html.erb within layouts/application (Duration: 0.1ms | Allocations: 49)
  Rendered layout layouts/application.html.erb (Duration: 5.8ms | Allocations: 3543)
Completed 200 OK in 7ms (Views: 6.2ms | ActiveRecord: 0.0ms | Allocations: 4082)


Started GET "/compute/view?n=142&commit=Compute+result" for 127.0.0.1 at 2023-11-12 19:10:07 +0000
Processing by ComputeController#view as HTML
  Parameters: {"n"=>"142", "commit"=>"Compute result"}
  Rendering layout layouts/application.html.erb
  Rendering compute/view.html.erb within layouts/application
  Rendered compute/view.html.erb within layouts/application (Duration: 0.1ms | Allocations: 49)
  Rendered layout layouts/application.html.erb (Duration: 3.9ms | Allocations: 2219)
Completed 200 OK in 5ms (Views: 4.3ms | ActiveRecord: 0.0ms | Allocations: 2758)


Started GET "/compute/view?n=142&commit=Compute+result" for 127.0.0.1 at 2023-11-12 19:10:07 +0000
Processing by ComputeController#view as HTML
  Parameters: {"n"=>"142", "commit"=>"Compute result"}
  Rendering layout layouts/application.html.erb
  Rendering compute/view.html.erb within layouts/application
  Rendered compute/view.html.erb within layouts/application (Duration: 0.1ms | Allocations: 49)
  Rendered layout layouts/application.html.erb (Duration: 3.0ms | Allocations: 2198)
Completed 200 OK in 4ms (Views: 3.5ms | ActiveRecord: 0.0ms | Allocations: 2737)


Started GET "/compute/view?n=142&commit=Compute+result" for 127.0.0.1 at 2023-11-12 19:10:08 +0000
Processing by ComputeController#view as HTML
  Parameters: {"n"=>"142", "commit"=>"Compute result"}
  Rendering layout layouts/application.html.erb
  Rendering compute/view.html.erb within layouts/application
  Rendered compute/view.html.erb within layouts/application (Duration: 0.1ms | Allocations: 49)
  Rendered layout layouts/application.html.erb (Duration: 6.7ms | Allocations: 3534)
Completed 200 OK in 8ms (Views: 7.2ms | ActiveRecord: 0.0ms | Allocations: 4073)


Started GET "/compute/view?n=142&commit=Compute+result" for 127.0.0.1 at 2023-11-12 19:10:21 +0000
Processing by ComputeController#view as HTML
  Parameters: {"n"=>"142", "commit"=>"Compute result"}
  Rendering layout layouts/application.html.erb
  Rendering compute/view.html.erb within layouts/application
  Rendered compute/view.html.erb within layouts/application (Duration: 0.7ms | Allocations: 223)
  Rendered layout layouts/application.html.erb (Duration: 11.9ms | Allocations: 13612)
Completed 200 OK in 14ms (Views: 12.9ms | ActiveRecord: 0.0ms | Allocations: 14812)


Started GET "/compute/view?n=142&commit=Compute+result" for 127.0.0.1 at 2023-11-12 19:10:21 +0000
Processing by ComputeController#view as HTML
  Parameters: {"n"=>"142", "commit"=>"Compute result"}
  Rendering layout layouts/application.html.erb
  Rendering compute/view.html.erb within layouts/application
  Rendered compute/view.html.erb within layouts/application (Duration: 0.1ms | Allocations: 49)
  Rendered layout layouts/application.html.erb (Duration: 2.9ms | Allocations: 2196)
Completed 200 OK in 4ms (Views: 3.4ms | ActiveRecord: 0.0ms | Allocations: 2735)


Started GET "/compute/view?n=142&commit=Compute+result" for 127.0.0.1 at 2023-11-12 19:10:22 +0000
Processing by ComputeController#view as HTML
  Parameters: {"n"=>"142", "commit"=>"Compute result"}
  Rendering layout layouts/application.html.erb
  Rendering compute/view.html.erb within layouts/application
  Rendered compute/view.html.erb within layouts/application (Duration: 0.1ms | Allocations: 49)
  Rendered layout layouts/application.html.erb (Duration: 2.7ms | Allocations: 2177)
Completed 200 OK in 4ms (Views: 3.1ms | ActiveRecord: 0.0ms | Allocations: 2716)


Started GET "/compute/view?n=142&commit=Compute+result" for 127.0.0.1 at 2023-11-12 19:10:23 +0000
Processing by ComputeController#view as HTML
  Parameters: {"n"=>"142", "commit"=>"Compute result"}
  Rendering layout layouts/application.html.erb
  Rendering compute/view.html.erb within layouts/application
  Rendered compute/view.html.erb within layouts/application (Duration: 0.1ms | Allocations: 49)
  Rendered layout layouts/application.html.erb (Duration: 5.4ms | Allocations: 2216)
Completed 200 OK in 7ms (Views: 6.7ms | ActiveRecord: 0.0ms | Allocations: 2755)


Started GET "/compute/view?n=142&commit=Compute+result" for 127.0.0.1 at 2023-11-12 19:10:30 +0000
Processing by ComputeController#view as HTML
  Parameters: {"n"=>"142", "commit"=>"Compute result"}
  Rendering layout layouts/application.html.erb
  Rendering compute/view.html.erb within layouts/application
  Rendered compute/view.html.erb within layouts/application (Duration: 0.1ms | Allocations: 49)
  Rendered layout layouts/application.html.erb (Duration: 2.8ms | Allocations: 2198)
Completed 200 OK in 4ms (Views: 3.2ms | ActiveRecord: 0.0ms | Allocations: 2737)


Started GET "/compute/view?n=142&commit=Compute+result" for 127.0.0.1 at 2023-11-12 19:10:31 +0000
Processing by ComputeController#view as HTML
  Parameters: {"n"=>"142", "commit"=>"Compute result"}
  Rendering layout layouts/application.html.erb
  Rendering compute/view.html.erb within layouts/application
  Rendered compute/view.html.erb within layouts/application (Duration: 0.3ms | Allocations: 219)
  Rendered layout layouts/application.html.erb (Duration: 13.2ms | Allocations: 13488)
Completed 200 OK in 15ms (Views: 14.3ms | ActiveRecord: 0.0ms | Allocations: 14685)


Started GET "/compute/view?n=142&commit=Compute+result" for 127.0.0.1 at 2023-11-12 19:10:31 +0000
Processing by ComputeController#view as HTML
  Parameters: {"n"=>"142", "commit"=>"Compute result"}
  Rendering layout layouts/application.html.erb
  Rendering compute/view.html.erb within layouts/application
  Rendered compute/view.html.erb within layouts/application (Duration: 0.1ms | Allocations: 49)
  Rendered layout layouts/application.html.erb (Duration: 4.6ms | Allocations: 2211)
Completed 200 OK in 6ms (Views: 5.9ms | ActiveRecord: 0.0ms | Allocations: 2750)


Started GET "/compute/view?n=142&commit=Compute+result" for 127.0.0.1 at 2023-11-12 19:10:31 +0000
Processing by ComputeController#view as HTML
  Parameters: {"n"=>"142", "commit"=>"Compute result"}
  Rendering layout layouts/application.html.erb
  Rendering compute/view.html.erb within layouts/application
  Rendered compute/view.html.erb within layouts/application (Duration: 0.1ms | Allocations: 49)
  Rendered layout layouts/application.html.erb (Duration: 2.8ms | Allocations: 2201)
Completed 200 OK in 4ms (Views: 3.4ms | ActiveRecord: 0.0ms | Allocations: 2740)


Started GET "/compute/view?n=142&commit=Compute+result" for 127.0.0.1 at 2023-11-12 19:10:32 +0000
Processing by ComputeController#view as HTML
  Parameters: {"n"=>"142", "commit"=>"Compute result"}
  Rendering layout layouts/application.html.erb
  Rendering compute/view.html.erb within layouts/application
  Rendered compute/view.html.erb within layouts/application (Duration: 0.1ms | Allocations: 49)
  Rendered layout layouts/application.html.erb (Duration: 3.2ms | Allocations: 2198)
Completed 200 OK in 4ms (Views: 3.8ms | ActiveRecord: 0.0ms | Allocations: 2737)


Started GET "/compute/view?n=142&commit=Compute+result" for 127.0.0.1 at 2023-11-12 19:10:32 +0000
Processing by ComputeController#view as HTML
  Parameters: {"n"=>"142", "commit"=>"Compute result"}
  Rendering layout layouts/application.html.erb
  Rendering compute/view.html.erb within layouts/application
  Rendered compute/view.html.erb within layouts/application (Duration: 0.1ms | Allocations: 49)
  Rendered layout layouts/application.html.erb (Duration: 3.2ms | Allocations: 2192)
Completed 200 OK in 4ms (Views: 3.7ms | ActiveRecord: 0.0ms | Allocations: 2731)


Started GET "/compute/view?n=142&commit=Compute+result" for 127.0.0.1 at 2023-11-12 19:10:46 +0000
Processing by ComputeController#view as HTML
  Parameters: {"n"=>"142", "commit"=>"Compute result"}
  Rendering layout layouts/application.html.erb
  Rendering compute/view.html.erb within layouts/application
  Rendered compute/view.html.erb within layouts/application (Duration: 0.4ms | Allocations: 222)
  Rendered layout layouts/application.html.erb (Duration: 10.8ms | Allocations: 13471)
Completed 200 OK in 13ms (Views: 12.2ms | ActiveRecord: 0.0ms | Allocations: 14671)


Started GET "/compute/view?n=142&commit=Compute+result" for 127.0.0.1 at 2023-11-12 19:10:46 +0000
Processing by ComputeController#view as HTML
  Parameters: {"n"=>"142", "commit"=>"Compute result"}
  Rendering layout layouts/application.html.erb
  Rendering compute/view.html.erb within layouts/application
  Rendered compute/view.html.erb within layouts/application (Duration: 0.1ms | Allocations: 49)
  Rendered layout layouts/application.html.erb (Duration: 2.9ms | Allocations: 2195)
Completed 200 OK in 4ms (Views: 3.4ms | ActiveRecord: 0.0ms | Allocations: 2734)


Started GET "/compute/view?n=142&commit=Compute+result" for 127.0.0.1 at 2023-11-12 19:10:47 +0000
Processing by ComputeController#view as HTML
  Parameters: {"n"=>"142", "commit"=>"Compute result"}
  Rendering layout layouts/application.html.erb
  Rendering compute/view.html.erb within layouts/application
  Rendered compute/view.html.erb within layouts/application (Duration: 0.1ms | Allocations: 49)
  Rendered layout layouts/application.html.erb (Duration: 2.8ms | Allocations: 2198)
Completed 200 OK in 4ms (Views: 3.2ms | ActiveRecord: 0.0ms | Allocations: 2737)


Started GET "/compute/view?n=142&commit=Compute+result" for 127.0.0.1 at 2023-11-12 19:10:48 +0000
Processing by ComputeController#view as HTML
  Parameters: {"n"=>"142", "commit"=>"Compute result"}
  Rendering layout layouts/application.html.erb
  Rendering compute/view.html.erb within layouts/application
  Rendered compute/view.html.erb within layouts/application (Duration: 0.1ms | Allocations: 49)
  Rendered layout layouts/application.html.erb (Duration: 3.4ms | Allocations: 2192)
Completed 200 OK in 5ms (Views: 4.0ms | ActiveRecord: 0.0ms | Allocations: 2731)


Started GET "/compute/view?n=142&commit=Compute+result" for 127.0.0.1 at 2023-11-12 19:10:49 +0000
Processing by ComputeController#view as HTML
  Parameters: {"n"=>"142", "commit"=>"Compute result"}
  Rendering layout layouts/application.html.erb
  Rendering compute/view.html.erb within layouts/application
  Rendered compute/view.html.erb within layouts/application (Duration: 0.3ms | Allocations: 221)
  Rendered layout layouts/application.html.erb (Duration: 10.4ms | Allocations: 13604)
Completed 200 OK in 12ms (Views: 11.5ms | ActiveRecord: 0.0ms | Allocations: 14804)


Started GET "/compute/view?n=142&commit=Compute+result" for 127.0.0.1 at 2023-11-12 19:10:58 +0000
Processing by ComputeController#view as HTML
  Parameters: {"n"=>"142", "commit"=>"Compute result"}
  Rendering layout layouts/application.html.erb
  Rendering compute/view.html.erb within layouts/application
  Rendered compute/view.html.erb within layouts/application (Duration: 0.1ms | Allocations: 49)
  Rendered layout layouts/application.html.erb (Duration: 2.8ms | Allocations: 2201)
Completed 200 OK in 4ms (Views: 3.3ms | ActiveRecord: 0.0ms | Allocations: 2740)


Started GET "/compute/view?n=142&commit=Compute+result" for 127.0.0.1 at 2023-11-12 19:10:59 +0000
Processing by ComputeController#view as HTML
  Parameters: {"n"=>"142", "commit"=>"Compute result"}
  Rendering layout layouts/application.html.erb
  Rendering compute/view.html.erb within layouts/application
  Rendered compute/view.html.erb within layouts/application (Duration: 0.1ms | Allocations: 49)
  Rendered layout layouts/application.html.erb (Duration: 2.7ms | Allocations: 2210)
Completed 200 OK in 3ms (Views: 3.2ms | ActiveRecord: 0.0ms | Allocations: 2749)


Started GET "/compute/view?n=142&commit=Compute+result" for 127.0.0.1 at 2023-11-12 19:11:00 +0000
Processing by ComputeController#view as HTML
  Parameters: {"n"=>"142", "commit"=>"Compute result"}
  Rendering layout layouts/application.html.erb
  Rendering compute/view.html.erb within layouts/application
  Rendered compute/view.html.erb within layouts/application (Duration: 0.4ms | Allocations: 219)
  Rendered layout layouts/application.html.erb (Duration: 12.9ms | Allocations: 13560)
Completed 200 OK in 15ms (Views: 14.0ms | ActiveRecord: 0.0ms | Allocations: 14757)


Started GET "/compute/view?n=142&commit=Compute+result" for 127.0.0.1 at 2023-11-12 19:11:02 +0000
Processing by ComputeController#view as HTML
  Parameters: {"n"=>"142", "commit"=>"Compute result"}
  Rendering layout layouts/application.html.erb
  Rendering compute/view.html.erb within layouts/application
  Rendered compute/view.html.erb within layouts/application (Duration: 0.1ms | Allocations: 49)
  Rendered layout layouts/application.html.erb (Duration: 3.4ms | Allocations: 2225)
Completed 200 OK in 4ms (Views: 4.0ms | ActiveRecord: 0.0ms | Allocations: 2765)


Started GET "/compute/view?n=142&commit=Compute+result" for 127.0.0.1 at 2023-11-12 19:11:03 +0000
Processing by ComputeController#view as HTML
  Parameters: {"n"=>"142", "commit"=>"Compute result"}
  Rendering layout layouts/application.html.erb
  Rendering compute/view.html.erb within layouts/application
  Rendered compute/view.html.erb within layouts/application (Duration: 0.1ms | Allocations: 49)
  Rendered layout layouts/application.html.erb (Duration: 3.3ms | Allocations: 2189)
Completed 200 OK in 4ms (Views: 4.0ms | ActiveRecord: 0.0ms | Allocations: 2728)


Started GET "/compute/view?n=142&commit=Compute+result" for 127.0.0.1 at 2023-11-12 19:11:03 +0000
Processing by ComputeController#view as HTML
  Parameters: {"n"=>"142", "commit"=>"Compute result"}
  Rendering layout layouts/application.html.erb
  Rendering compute/view.html.erb within layouts/application
  Rendered compute/view.html.erb within layouts/application (Duration: 0.1ms | Allocations: 49)
  Rendered layout layouts/application.html.erb (Duration: 2.9ms | Allocations: 2198)
Completed 200 OK in 4ms (Views: 3.3ms | ActiveRecord: 0.0ms | Allocations: 2737)


Started GET "/compute/view?n=142&commit=Compute+result" for 127.0.0.1 at 2023-11-12 19:11:04 +0000
Processing by ComputeController#view as HTML
  Parameters: {"n"=>"142", "commit"=>"Compute result"}
  Rendering layout layouts/application.html.erb
  Rendering compute/view.html.erb within layouts/application
  Rendered compute/view.html.erb within layouts/application (Duration: 0.1ms | Allocations: 49)
  Rendered layout layouts/application.html.erb (Duration: 3.7ms | Allocations: 2210)
Completed 200 OK in 5ms (Views: 4.3ms | ActiveRecord: 0.0ms | Allocations: 2749)


Started GET "/compute/view?n=142&commit=Compute+result" for 127.0.0.1 at 2023-11-12 19:11:05 +0000
Processing by ComputeController#view as HTML
  Parameters: {"n"=>"142", "commit"=>"Compute result"}
  Rendering layout layouts/application.html.erb
  Rendering compute/view.html.erb within layouts/application
  Rendered compute/view.html.erb within layouts/application (Duration: 0.4ms | Allocations: 223)
  Rendered layout layouts/application.html.erb (Duration: 10.8ms | Allocations: 13530)
Completed 200 OK in 13ms (Views: 12.0ms | ActiveRecord: 0.0ms | Allocations: 14730)


Started GET "/compute/view?n=142&commit=Compute+result" for 127.0.0.1 at 2023-11-12 19:11:09 +0000
Processing by ComputeController#view as HTML
  Parameters: {"n"=>"142", "commit"=>"Compute result"}
  Rendering layout layouts/application.html.erb
  Rendering compute/view.html.erb within layouts/application
  Rendered compute/view.html.erb within layouts/application (Duration: 0.4ms | Allocations: 221)
  Rendered layout layouts/application.html.erb (Duration: 10.7ms | Allocations: 13608)
Completed 200 OK in 13ms (Views: 11.8ms | ActiveRecord: 0.0ms | Allocations: 14808)


Started GET "/compute/view?n=142&commit=Compute+result" for 127.0.0.1 at 2023-11-12 19:11:10 +0000
Processing by ComputeController#view as HTML
  Parameters: {"n"=>"142", "commit"=>"Compute result"}
  Rendering layout layouts/application.html.erb
  Rendering compute/view.html.erb within layouts/application
  Rendered compute/view.html.erb within layouts/application (Duration: 0.1ms | Allocations: 49)
  Rendered layout layouts/application.html.erb (Duration: 3.1ms | Allocations: 2183)
Completed 200 OK in 4ms (Views: 3.8ms | ActiveRecord: 0.0ms | Allocations: 2722)


Started GET "/compute/view?n=142&commit=Compute+result" for 127.0.0.1 at 2023-11-12 19:11:30 +0000
Processing by ComputeController#view as HTML
  Parameters: {"n"=>"142", "commit"=>"Compute result"}
  Rendering layout layouts/application.html.erb
  Rendering compute/view.html.erb within layouts/application
  Rendered compute/view.html.erb within layouts/application (Duration: 0.8ms | Allocations: 221)
  Rendered layout layouts/application.html.erb (Duration: 14.1ms | Allocations: 13411)
Completed 200 OK in 17ms (Views: 15.6ms | ActiveRecord: 0.0ms | Allocations: 14608)


Started GET "/compute/view?n=142&commit=Compute+result" for 127.0.0.1 at 2023-11-12 19:11:31 +0000
Processing by ComputeController#view as HTML
  Parameters: {"n"=>"142", "commit"=>"Compute result"}
  Rendering layout layouts/application.html.erb
  Rendering compute/view.html.erb within layouts/application
  Rendered compute/view.html.erb within layouts/application (Duration: 0.1ms | Allocations: 49)
  Rendered layout layouts/application.html.erb (Duration: 3.1ms | Allocations: 2201)
Completed 200 OK in 4ms (Views: 3.5ms | ActiveRecord: 0.0ms | Allocations: 2740)


Started GET "/compute/view?n=142&commit=Compute+result" for 127.0.0.1 at 2023-11-12 19:12:30 +0000
Processing by ComputeController#view as HTML
  Parameters: {"n"=>"142", "commit"=>"Compute result"}
  Rendering layout layouts/application.html.erb
  Rendering compute/view.html.erb within layouts/application
  Rendered compute/view.html.erb within layouts/application (Duration: 0.9ms | Allocations: 228)
  Rendered layout layouts/application.html.erb (Duration: 12.0ms | Allocations: 13503)
Completed 200 OK in 14ms (Views: 13.4ms | ActiveRecord: 0.0ms | Allocations: 14703)


Started GET "/compute/view?n=142&commit=Compute+result" for 127.0.0.1 at 2023-11-12 19:12:40 +0000
Processing by ComputeController#view as HTML
  Parameters: {"n"=>"142", "commit"=>"Compute result"}
  Rendering layout layouts/application.html.erb
  Rendering compute/view.html.erb within layouts/application
  Rendered compute/view.html.erb within layouts/application (Duration: 0.6ms | Allocations: 225)
  Rendered layout layouts/application.html.erb (Duration: 14.3ms | Allocations: 13610)
Completed 200 OK in 17ms (Views: 16.1ms | ActiveRecord: 0.0ms | Allocations: 14810)


Started GET "/compute/view?n=142&commit=Compute+result" for 127.0.0.1 at 2023-11-12 19:12:41 +0000
Processing by ComputeController#view as HTML
  Parameters: {"n"=>"142", "commit"=>"Compute result"}
  Rendering layout layouts/application.html.erb
  Rendering compute/view.html.erb within layouts/application
  Rendered compute/view.html.erb within layouts/application (Duration: 0.1ms | Allocations: 49)
  Rendered layout layouts/application.html.erb (Duration: 3.2ms | Allocations: 2190)
Completed 200 OK in 4ms (Views: 3.7ms | ActiveRecord: 0.0ms | Allocations: 2729)


Started GET "/compute/view?n=142&commit=Compute+result" for 127.0.0.1 at 2023-11-12 19:12:44 +0000
Processing by ComputeController#view as HTML
  Parameters: {"n"=>"142", "commit"=>"Compute result"}
  Rendering layout layouts/application.html.erb
  Rendering compute/view.html.erb within layouts/application
  Rendered compute/view.html.erb within layouts/application (Duration: 0.4ms | Allocations: 223)
  Rendered layout layouts/application.html.erb (Duration: 55.4ms | Allocations: 13510)
Completed 200 OK in 62ms (Views: 61.3ms | ActiveRecord: 0.0ms | Allocations: 14707)


Started GET "/compute/view?n=142&commit=Compute+result" for 127.0.0.1 at 2023-11-12 19:12:45 +0000
Processing by ComputeController#view as HTML
  Parameters: {"n"=>"142", "commit"=>"Compute result"}
  Rendering layout layouts/application.html.erb
  Rendering compute/view.html.erb within layouts/application
  Rendered compute/view.html.erb within layouts/application (Duration: 0.1ms | Allocations: 49)
  Rendered layout layouts/application.html.erb (Duration: 3.6ms | Allocations: 2205)
Completed 200 OK in 4ms (Views: 4.0ms | ActiveRecord: 0.0ms | Allocations: 2744)


Started GET "/compute/view?n=142&commit=Compute+result" for 127.0.0.1 at 2023-11-12 19:12:53 +0000
Processing by ComputeController#view as HTML
  Parameters: {"n"=>"142", "commit"=>"Compute result"}
  Rendering layout layouts/application.html.erb
  Rendering compute/view.html.erb within layouts/application
  Rendered compute/view.html.erb within layouts/application (Duration: 0.4ms | Allocations: 227)
  Rendered layout layouts/application.html.erb (Duration: 15.6ms | Allocations: 13523)
Completed 200 OK in 18ms (Views: 17.4ms | ActiveRecord: 0.0ms | Allocations: 14723)


Started GET "/compute/view?n=142&commit=Compute+result" for 127.0.0.1 at 2023-11-12 19:12:54 +0000
Processing by ComputeController#view as HTML
  Parameters: {"n"=>"142", "commit"=>"Compute result"}
  Rendering layout layouts/application.html.erb
  Rendering compute/view.html.erb within layouts/application
  Rendered compute/view.html.erb within layouts/application (Duration: 0.4ms | Allocations: 49)
  Rendered layout layouts/application.html.erb (Duration: 3.5ms | Allocations: 2201)
Completed 200 OK in 4ms (Views: 3.9ms | ActiveRecord: 0.0ms | Allocations: 2740)


Started GET "/compute/view?n=142&commit=Compute+result" for 127.0.0.1 at 2023-11-12 19:12:56 +0000
Processing by ComputeController#view as HTML
  Parameters: {"n"=>"142", "commit"=>"Compute result"}
  Rendering layout layouts/application.html.erb
  Rendering compute/view.html.erb within layouts/application
  Rendered compute/view.html.erb within layouts/application (Duration: 0.4ms | Allocations: 223)
  Rendered layout layouts/application.html.erb (Duration: 14.0ms | Allocations: 13395)
Completed 200 OK in 16ms (Views: 15.3ms | ActiveRecord: 0.0ms | Allocations: 14592)


Started GET "/compute/view?n=142&commit=Compute+result" for 127.0.0.1 at 2023-11-12 19:12:57 +0000
Processing by ComputeController#view as HTML
  Parameters: {"n"=>"142", "commit"=>"Compute result"}
  Rendering layout layouts/application.html.erb
  Rendering compute/view.html.erb within layouts/application
  Rendered compute/view.html.erb within layouts/application (Duration: 0.1ms | Allocations: 49)
  Rendered layout layouts/application.html.erb (Duration: 3.4ms | Allocations: 2218)
Completed 200 OK in 4ms (Views: 3.9ms | ActiveRecord: 0.0ms | Allocations: 2757)


Started GET "/compute/view?n=142&commit=Compute+result" for 127.0.0.1 at 2023-11-12 19:12:59 +0000
Processing by ComputeController#view as HTML
  Parameters: {"n"=>"142", "commit"=>"Compute result"}
  Rendering layout layouts/application.html.erb
  Rendering compute/view.html.erb within layouts/application
  Rendered compute/view.html.erb within layouts/application (Duration: 0.4ms | Allocations: 225)
  Rendered layout layouts/application.html.erb (Duration: 11.7ms | Allocations: 13538)
Completed 200 OK in 14ms (Views: 13.0ms | ActiveRecord: 0.0ms | Allocations: 14738)


Started GET "/compute/view?n=142&commit=Compute+result" for 127.0.0.1 at 2023-11-12 19:13:11 +0000
Processing by ComputeController#view as HTML
  Parameters: {"n"=>"142", "commit"=>"Compute result"}
  Rendering layout layouts/application.html.erb
  Rendering compute/view.html.erb within layouts/application
  Rendered compute/view.html.erb within layouts/application (Duration: 0.5ms | Allocations: 223)
  Rendered layout layouts/application.html.erb (Duration: 18.3ms | Allocations: 13390)
Completed 200 OK in 21ms (Views: 19.9ms | ActiveRecord: 0.0ms | Allocations: 14587)


Started GET "/compute/view?n=142&commit=Compute+result" for 127.0.0.1 at 2023-11-12 19:13:15 +0000
Processing by ComputeController#view as HTML
  Parameters: {"n"=>"142", "commit"=>"Compute result"}
  Rendering layout layouts/application.html.erb
  Rendering compute/view.html.erb within layouts/application
  Rendered compute/view.html.erb within layouts/application (Duration: 0.1ms | Allocations: 49)
  Rendered layout layouts/application.html.erb (Duration: 3.7ms | Allocations: 2224)
Completed 200 OK in 4ms (Views: 4.2ms | ActiveRecord: 0.0ms | Allocations: 2764)


Started GET "/compute/view?n=142&commit=Compute+result" for 127.0.0.1 at 2023-11-12 19:13:15 +0000
Processing by ComputeController#view as HTML
  Parameters: {"n"=>"142", "commit"=>"Compute result"}
  Rendering layout layouts/application.html.erb
  Rendering compute/view.html.erb within layouts/application
  Rendered compute/view.html.erb within layouts/application (Duration: 0.4ms | Allocations: 227)
  Rendered layout layouts/application.html.erb (Duration: 10.8ms | Allocations: 13627)
Completed 200 OK in 13ms (Views: 12.0ms | ActiveRecord: 0.0ms | Allocations: 14827)


Started GET "/compute/view?n=142&commit=Compute+result" for 127.0.0.1 at 2023-11-12 19:14:01 +0000
Processing by ComputeController#view as HTML
  Parameters: {"n"=>"142", "commit"=>"Compute result"}
  Rendering layout layouts/application.html.erb
  Rendering compute/view.html.erb within layouts/application
  Rendered compute/view.html.erb within layouts/application (Duration: 0.4ms | Allocations: 223)
  Rendered layout layouts/application.html.erb (Duration: 13.8ms | Allocations: 13444)
Completed 200 OK in 16ms (Views: 15.0ms | ActiveRecord: 0.0ms | Allocations: 14641)


Started GET "/compute/view?n=142&commit=Compute+result" for 127.0.0.1 at 2023-11-12 19:14:01 +0000
Processing by ComputeController#view as HTML
  Parameters: {"n"=>"142", "commit"=>"Compute result"}
  Rendering layout layouts/application.html.erb
  Rendering compute/view.html.erb within layouts/application
  Rendered compute/view.html.erb within layouts/application (Duration: 0.1ms | Allocations: 49)
  Rendered layout layouts/application.html.erb (Duration: 3.2ms | Allocations: 2197)
Completed 200 OK in 4ms (Views: 4.1ms | ActiveRecord: 0.0ms | Allocations: 2736)


Started GET "/compute/view?n=142&commit=Compute+result" for 127.0.0.1 at 2023-11-12 19:14:33 +0000
Processing by ComputeController#view as HTML
  Parameters: {"n"=>"142", "commit"=>"Compute result"}
  Rendering layout layouts/application.html.erb
  Rendering compute/view.html.erb within layouts/application
  Rendered compute/view.html.erb within layouts/application (Duration: 0.4ms | Allocations: 229)
  Rendered layout layouts/application.html.erb (Duration: 12.7ms | Allocations: 13516)
Completed 200 OK in 15ms (Views: 14.0ms | ActiveRecord: 0.0ms | Allocations: 14716)


Started GET "/compute/view?n=142&commit=Compute+result" for 127.0.0.1 at 2023-11-12 19:14:42 +0000
Processing by ComputeController#view as HTML
  Parameters: {"n"=>"142", "commit"=>"Compute result"}
  Rendering layout layouts/application.html.erb
  Rendering compute/view.html.erb within layouts/application
  Rendered compute/view.html.erb within layouts/application (Duration: 0.4ms | Allocations: 222)
  Rendered layout layouts/application.html.erb (Duration: 11.5ms | Allocations: 13646)
Completed 200 OK in 14ms (Views: 12.8ms | ActiveRecord: 0.0ms | Allocations: 14846)


Started GET "/compute/view?n=142&commit=Compute+result" for 127.0.0.1 at 2023-11-12 19:14:55 +0000
Processing by ComputeController#view as HTML
  Parameters: {"n"=>"142", "commit"=>"Compute result"}
  Rendering layout layouts/application.html.erb
  Rendering compute/view.html.erb within layouts/application
  Rendered compute/view.html.erb within layouts/application (Duration: 0.5ms | Allocations: 222)
  Rendered layout layouts/application.html.erb (Duration: 16.1ms | Allocations: 13543)
Completed 200 OK in 19ms (Views: 17.9ms | ActiveRecord: 0.0ms | Allocations: 14742)


Started GET "/compute/view?n=142&commit=Compute+result" for 127.0.0.1 at 2023-11-12 19:15:36 +0000
Processing by ComputeController#view as HTML
  Parameters: {"n"=>"142", "commit"=>"Compute result"}
  Rendering layout layouts/application.html.erb
  Rendering compute/view.html.erb within layouts/application
  Rendered compute/view.html.erb within layouts/application (Duration: 0.4ms | Allocations: 213)
  Rendered layout layouts/application.html.erb (Duration: 11.6ms | Allocations: 13588)
Completed 200 OK in 14ms (Views: 12.7ms | ActiveRecord: 0.0ms | Allocations: 14788)


Started GET "/compute/view?n=142&commit=Compute+result" for 127.0.0.1 at 2023-11-12 19:16:04 +0000
Processing by ComputeController#view as HTML
  Parameters: {"n"=>"142", "commit"=>"Compute result"}
  Rendering layout layouts/application.html.erb
  Rendering compute/view.html.erb within layouts/application
  Rendered compute/view.html.erb within layouts/application (Duration: 0.4ms | Allocations: 208)
  Rendered layout layouts/application.html.erb (Duration: 11.1ms | Allocations: 13362)
Completed 200 OK in 13ms (Views: 12.3ms | ActiveRecord: 0.0ms | Allocations: 14559)


Started GET "/compute/view?n=142&commit=Compute+result" for 127.0.0.1 at 2023-11-12 19:16:04 +0000
Processing by ComputeController#view as HTML
  Parameters: {"n"=>"142", "commit"=>"Compute result"}
  Rendering layout layouts/application.html.erb
  Rendering compute/view.html.erb within layouts/application
  Rendered compute/view.html.erb within layouts/application (Duration: 0.6ms | Allocations: 211)
  Rendered layout layouts/application.html.erb (Duration: 14.9ms | Allocations: 13598)
Completed 200 OK in 18ms (Views: 16.6ms | ActiveRecord: 0.0ms | Allocations: 14798)


Started GET "/compute/view?n=142&commit=Compute+result" for 127.0.0.1 at 2023-11-12 19:16:15 +0000
Processing by ComputeController#view as HTML
  Parameters: {"n"=>"142", "commit"=>"Compute result"}
  Rendering layout layouts/application.html.erb
  Rendering compute/view.html.erb within layouts/application
  Rendered compute/view.html.erb within layouts/application (Duration: 0.5ms | Allocations: 49)
  Rendered layout layouts/application.html.erb (Duration: 6.7ms | Allocations: 3519)
Completed 200 OK in 8ms (Views: 7.2ms | ActiveRecord: 0.0ms | Allocations: 4058)


Started GET "/compute/view?n=142&commit=Compute+result" for 127.0.0.1 at 2023-11-12 19:16:19 +0000
Processing by ComputeController#view as HTML
  Parameters: {"n"=>"142", "commit"=>"Compute result"}
  Rendering layout layouts/application.html.erb
  Rendering compute/view.html.erb within layouts/application
  Rendered compute/view.html.erb within layouts/application (Duration: 0.1ms | Allocations: 49)
  Rendered layout layouts/application.html.erb (Duration: 6.4ms | Allocations: 3525)
Completed 200 OK in 7ms (Views: 6.8ms | ActiveRecord: 0.0ms | Allocations: 4064)


Started GET "/compute/view?n=142&commit=Compute+result" for 127.0.0.1 at 2023-11-12 19:16:20 +0000
Processing by ComputeController#view as HTML
  Parameters: {"n"=>"142", "commit"=>"Compute result"}
  Rendering layout layouts/application.html.erb
  Rendering compute/view.html.erb within layouts/application
  Rendered compute/view.html.erb within layouts/application (Duration: 0.1ms | Allocations: 49)
  Rendered layout layouts/application.html.erb (Duration: 2.8ms | Allocations: 2201)
Completed 200 OK in 4ms (Views: 3.2ms | ActiveRecord: 0.0ms | Allocations: 2740)


Started GET "/compute/view?n=142&commit=Compute+result" for 127.0.0.1 at 2023-11-12 19:16:24 +0000
Processing by ComputeController#view as HTML
  Parameters: {"n"=>"142", "commit"=>"Compute result"}
  Rendering layout layouts/application.html.erb
  Rendering compute/view.html.erb within layouts/application
  Rendered compute/view.html.erb within layouts/application (Duration: 0.1ms | Allocations: 49)
  Rendered layout layouts/application.html.erb (Duration: 2.5ms | Allocations: 2205)
Completed 200 OK in 3ms (Views: 2.9ms | ActiveRecord: 0.0ms | Allocations: 2744)


Started GET "/compute/view?n=142&commit=Compute+result" for 127.0.0.1 at 2023-11-12 19:16:24 +0000
Processing by ComputeController#view as HTML
  Parameters: {"n"=>"142", "commit"=>"Compute result"}
  Rendering layout layouts/application.html.erb
  Rendering compute/view.html.erb within layouts/application
  Rendered compute/view.html.erb within layouts/application (Duration: 0.1ms | Allocations: 49)
  Rendered layout layouts/application.html.erb (Duration: 3.3ms | Allocations: 2213)
Completed 200 OK in 4ms (Views: 3.8ms | ActiveRecord: 0.0ms | Allocations: 2752)


Started GET "/compute/view?n=142&commit=Compute+result" for 127.0.0.1 at 2023-11-12 19:16:25 +0000
Processing by ComputeController#view as HTML
  Parameters: {"n"=>"142", "commit"=>"Compute result"}
  Rendering layout layouts/application.html.erb
  Rendering compute/view.html.erb within layouts/application
  Rendered compute/view.html.erb within layouts/application (Duration: 0.1ms | Allocations: 49)
  Rendered layout layouts/application.html.erb (Duration: 6.9ms | Allocations: 3530)
Completed 200 OK in 8ms (Views: 7.6ms | ActiveRecord: 0.0ms | Allocations: 4069)


Started GET "/compute/view?n=142&commit=Compute+result" for 127.0.0.1 at 2023-11-12 19:16:30 +0000
Processing by ComputeController#view as HTML
  Parameters: {"n"=>"142", "commit"=>"Compute result"}
  Rendering layout layouts/application.html.erb
  Rendering compute/view.html.erb within layouts/application
  Rendered compute/view.html.erb within layouts/application (Duration: 0.1ms | Allocations: 49)
  Rendered layout layouts/application.html.erb (Duration: 9.4ms | Allocations: 3545)
Completed 200 OK in 10ms (Views: 9.9ms | ActiveRecord: 0.0ms | Allocations: 4084)


Started GET "/compute/view?n=142&commit=Compute+result" for 127.0.0.1 at 2023-11-12 19:16:38 +0000
Processing by ComputeController#view as HTML
  Parameters: {"n"=>"142", "commit"=>"Compute result"}
  Rendering layout layouts/application.html.erb
  Rendering compute/view.html.erb within layouts/application
  Rendered compute/view.html.erb within layouts/application (Duration: 0.5ms | Allocations: 49)
  Rendered layout layouts/application.html.erb (Duration: 4.0ms | Allocations: 2180)
Completed 200 OK in 5ms (Views: 4.6ms | ActiveRecord: 0.0ms | Allocations: 2719)


Started GET "/compute/view?n=142&commit=Compute+result" for 127.0.0.1 at 2023-11-12 19:16:49 +0000
Processing by ComputeController#view as HTML
  Parameters: {"n"=>"142", "commit"=>"Compute result"}
  Rendering layout layouts/application.html.erb
  Rendering compute/view.html.erb within layouts/application
  Rendered compute/view.html.erb within layouts/application (Duration: 0.4ms | Allocations: 211)
  Rendered layout layouts/application.html.erb (Duration: 11.9ms | Allocations: 13593)
Completed 200 OK in 14ms (Views: 13.2ms | ActiveRecord: 0.0ms | Allocations: 14793)


Started GET "/compute/view?n=142&commit=Compute+result" for 127.0.0.1 at 2023-11-12 19:16:50 +0000
Processing by ComputeController#view as HTML
  Parameters: {"n"=>"142", "commit"=>"Compute result"}
  Rendering layout layouts/application.html.erb
  Rendering compute/view.html.erb within layouts/application
  Rendered compute/view.html.erb within layouts/application (Duration: 0.1ms | Allocations: 49)
  Rendered layout layouts/application.html.erb (Duration: 2.9ms | Allocations: 2201)
Completed 200 OK in 4ms (Views: 3.3ms | ActiveRecord: 0.0ms | Allocations: 2740)


Started GET "/compute/view?n=142&commit=Compute+result" for 127.0.0.1 at 2023-11-12 19:16:50 +0000
Processing by ComputeController#view as HTML
  Parameters: {"n"=>"142", "commit"=>"Compute result"}
  Rendering layout layouts/application.html.erb
  Rendering compute/view.html.erb within layouts/application
  Rendered compute/view.html.erb within layouts/application (Duration: 0.4ms | Allocations: 208)
  Rendered layout layouts/application.html.erb (Duration: 11.1ms | Allocations: 13595)
Completed 200 OK in 13ms (Views: 12.2ms | ActiveRecord: 0.0ms | Allocations: 14795)


Started GET "/compute/view?n=142&commit=Compute+result" for 127.0.0.1 at 2023-11-12 19:17:09 +0000
Processing by ComputeController#view as HTML
  Parameters: {"n"=>"142", "commit"=>"Compute result"}
  Rendering layout layouts/application.html.erb
  Rendering compute/view.html.erb within layouts/application
  Rendered compute/view.html.erb within layouts/application (Duration: 0.4ms | Allocations: 209)
  Rendered layout layouts/application.html.erb (Duration: 12.0ms | Allocations: 13617)
Completed 200 OK in 14ms (Views: 13.1ms | ActiveRecord: 0.0ms | Allocations: 14819)


Started GET "/compute/view?n=142&commit=Compute+result" for 127.0.0.1 at 2023-11-12 19:17:10 +0000
Processing by ComputeController#view as HTML
  Parameters: {"n"=>"142", "commit"=>"Compute result"}
  Rendering layout layouts/application.html.erb
  Rendering compute/view.html.erb within layouts/application
  Rendered compute/view.html.erb within layouts/application (Duration: 0.1ms | Allocations: 49)
  Rendered layout layouts/application.html.erb (Duration: 2.8ms | Allocations: 2212)
Completed 200 OK in 4ms (Views: 3.5ms | ActiveRecord: 0.0ms | Allocations: 2751)


Started GET "/compute/view?n=142&commit=Compute+result" for 127.0.0.1 at 2023-11-12 19:17:18 +0000
Processing by ComputeController#view as */*
  Parameters: {"n"=>"142", "commit"=>"Compute result"}
  Rendering layout layouts/application.html.erb
  Rendering compute/view.html.erb within layouts/application
  Rendered compute/view.html.erb within layouts/application (Duration: 0.1ms | Allocations: 49)
  Rendered layout layouts/application.html.erb (Duration: 4.0ms | Allocations: 2218)
Completed 200 OK in 8ms (Views: 6.5ms | ActiveRecord: 0.0ms | Allocations: 3952)


Started GET "/compute/view?n=142&commit=Compute+result" for 127.0.0.1 at 2023-11-12 19:17:54 +0000
Processing by ComputeController#view as HTML
  Parameters: {"n"=>"142", "commit"=>"Compute result"}
  Rendering layout layouts/application.html.erb
  Rendering compute/view.html.erb within layouts/application
  Rendered compute/view.html.erb within layouts/application (Duration: 0.4ms | Allocations: 207)
  Rendered layout layouts/application.html.erb (Duration: 14.3ms | Allocations: 13422)
Completed 200 OK in 16ms (Views: 15.6ms | ActiveRecord: 0.0ms | Allocations: 14622)


Started GET "/compute/view?n=142&commit=Compute+result" for 127.0.0.1 at 2023-11-12 19:17:55 +0000
Processing by ComputeController#view as HTML
  Parameters: {"n"=>"142", "commit"=>"Compute result"}
  Rendering layout layouts/application.html.erb
  Rendering compute/view.html.erb within layouts/application
  Rendered compute/view.html.erb within layouts/application (Duration: 0.4ms | Allocations: 211)
  Rendered layout layouts/application.html.erb (Duration: 10.6ms | Allocations: 13584)
Completed 200 OK in 12ms (Views: 11.7ms | ActiveRecord: 0.0ms | Allocations: 14785)


Started GET "/compute/view?n=142&commit=Compute+result" for 127.0.0.1 at 2023-11-12 19:18:01 +0000
Processing by ComputeController#view as HTML
  Parameters: {"n"=>"142", "commit"=>"Compute result"}
  Rendering layout layouts/application.html.erb
  Rendering compute/view.html.erb within layouts/application
  Rendered compute/view.html.erb within layouts/application (Duration: 0.4ms | Allocations: 206)
  Rendered layout layouts/application.html.erb (Duration: 9.9ms | Allocations: 13394)
Completed 200 OK in 12ms (Views: 11.7ms | ActiveRecord: 0.0ms | Allocations: 14592)


Started GET "/compute/view?n=142&commit=Compute+result" for 127.0.0.1 at 2023-11-12 19:18:04 +0000
Processing by ComputeController#view as HTML
  Parameters: {"n"=>"142", "commit"=>"Compute result"}
  Rendering layout layouts/application.html.erb
  Rendering compute/view.html.erb within layouts/application
  Rendered compute/view.html.erb within layouts/application (Duration: 0.1ms | Allocations: 49)
  Rendered layout layouts/application.html.erb (Duration: 2.7ms | Allocations: 2195)
Completed 200 OK in 3ms (Views: 3.1ms | ActiveRecord: 0.0ms | Allocations: 2734)


Started GET "/compute/view?n=142&commit=Compute+result" for 127.0.0.1 at 2023-11-12 19:18:04 +0000
Processing by ComputeController#view as HTML
  Parameters: {"n"=>"142", "commit"=>"Compute result"}
  Rendering layout layouts/application.html.erb
  Rendering compute/view.html.erb within layouts/application
  Rendered compute/view.html.erb within layouts/application (Duration: 0.4ms | Allocations: 211)
  Rendered layout layouts/application.html.erb (Duration: 10.5ms | Allocations: 13593)
Completed 200 OK in 13ms (Views: 11.6ms | ActiveRecord: 0.0ms | Allocations: 14794)


Started GET "/compute/view?n=142&commit=Compute+result" for 127.0.0.1 at 2023-11-12 19:18:12 +0000
Processing by ComputeController#view as HTML
  Parameters: {"n"=>"142", "commit"=>"Compute result"}
  Rendering layout layouts/application.html.erb
  Rendering compute/view.html.erb within layouts/application
  Rendered compute/view.html.erb within layouts/application (Duration: 0.4ms | Allocations: 207)
  Rendered layout layouts/application.html.erb (Duration: 10.0ms | Allocations: 13359)
Completed 200 OK in 12ms (Views: 11.1ms | ActiveRecord: 0.0ms | Allocations: 14557)


Started GET "/compute/view?n=142&commit=Compute+result" for 127.0.0.1 at 2023-11-12 19:18:13 +0000
Processing by ComputeController#view as HTML
  Parameters: {"n"=>"142", "commit"=>"Compute result"}
  Rendering layout layouts/application.html.erb
  Rendering compute/view.html.erb within layouts/application
  Rendered compute/view.html.erb within layouts/application (Duration: 0.1ms | Allocations: 49)
  Rendered layout layouts/application.html.erb (Duration: 5.4ms | Allocations: 2213)
Completed 200 OK in 6ms (Views: 5.9ms | ActiveRecord: 0.0ms | Allocations: 2753)


Started GET "/compute/view?n=142&commit=Compute+result" for 127.0.0.1 at 2023-11-12 19:18:15 +0000
Processing by ComputeController#view as HTML
  Parameters: {"n"=>"142", "commit"=>"Compute result"}
  Rendering layout layouts/application.html.erb
  Rendering compute/view.html.erb within layouts/application
  Rendered compute/view.html.erb within layouts/application (Duration: 0.4ms | Allocations: 211)
  Rendered layout layouts/application.html.erb (Duration: 11.3ms | Allocations: 13564)
Completed 200 OK in 13ms (Views: 12.4ms | ActiveRecord: 0.0ms | Allocations: 14765)


Started GET "/compute/view?n=142&commit=Compute+result" for 127.0.0.1 at 2023-11-12 19:19:00 +0000
Processing by ComputeController#view as HTML
  Parameters: {"n"=>"142", "commit"=>"Compute result"}
  Rendering layout layouts/application.html.erb
  Rendering compute/view.html.erb within layouts/application
  Rendered compute/view.html.erb within layouts/application (Duration: 0.3ms | Allocations: 49)
  Rendered layout layouts/application.html.erb (Duration: 6.7ms | Allocations: 3526)
Completed 200 OK in 8ms (Views: 7.3ms | ActiveRecord: 0.0ms | Allocations: 4065)


Started GET "/compute/view?n=142&commit=Compute+result" for 127.0.0.1 at 2023-11-12 19:19:01 +0000
Processing by ComputeController#view as HTML
  Parameters: {"n"=>"142", "commit"=>"Compute result"}
  Rendering layout layouts/application.html.erb
  Rendering compute/view.html.erb within layouts/application
  Rendered compute/view.html.erb within layouts/application (Duration: 0.1ms | Allocations: 49)
  Rendered layout layouts/application.html.erb (Duration: 3.0ms | Allocations: 2195)
Completed 200 OK in 4ms (Views: 3.6ms | ActiveRecord: 0.0ms | Allocations: 2734)


Started GET "/compute/view?n=142&commit=Compute+result" for 127.0.0.1 at 2023-11-12 19:19:11 +0000
Processing by ComputeController#view as HTML
  Parameters: {"n"=>"142", "commit"=>"Compute result"}
  Rendering layout layouts/application.html.erb
  Rendering compute/view.html.erb within layouts/application
  Rendered compute/view.html.erb within layouts/application (Duration: 0.1ms | Allocations: 49)
  Rendered layout layouts/application.html.erb (Duration: 2.8ms | Allocations: 2198)
Completed 200 OK in 4ms (Views: 3.4ms | ActiveRecord: 0.0ms | Allocations: 2737)


Started GET "/compute/view?n=142&commit=Compute+result" for 127.0.0.1 at 2023-11-12 19:19:11 +0000
Processing by ComputeController#view as HTML
  Parameters: {"n"=>"142", "commit"=>"Compute result"}
  Rendering layout layouts/application.html.erb
  Rendering compute/view.html.erb within layouts/application
  Rendered compute/view.html.erb within layouts/application (Duration: 0.1ms | Allocations: 49)
  Rendered layout layouts/application.html.erb (Duration: 6.3ms | Allocations: 3523)
Completed 200 OK in 7ms (Views: 6.8ms | ActiveRecord: 0.0ms | Allocations: 4062)


Started GET "/compute/view?n=142&commit=Compute+result" for 127.0.0.1 at 2023-11-12 19:19:12 +0000
Processing by ComputeController#view as HTML
  Parameters: {"n"=>"142", "commit"=>"Compute result"}
  Rendering layout layouts/application.html.erb
  Rendering compute/view.html.erb within layouts/application
  Rendered compute/view.html.erb within layouts/application (Duration: 0.1ms | Allocations: 49)
  Rendered layout layouts/application.html.erb (Duration: 3.2ms | Allocations: 2195)
Completed 200 OK in 4ms (Views: 3.8ms | ActiveRecord: 0.0ms | Allocations: 2734)


Started GET "/" for 127.0.0.1 at 2023-11-12 19:20:06 +0000
Processing by MainController#index as HTML
Redirected to http://127.0.0.1:3000/compute/input
Completed 302 Found in 1ms (ActiveRecord: 0.0ms | Allocations: 164)


Started GET "/compute/input" for 127.0.0.1 at 2023-11-12 19:20:06 +0000
Processing by ComputeController#input as HTML
  Rendering layout layouts/application.html.erb
  Rendering compute/input.html.erb within layouts/application
  Rendered compute/input.html.erb within layouts/application (Duration: 1.3ms | Allocations: 284)
  Rendered layout layouts/application.html.erb (Duration: 4.6ms | Allocations: 2427)
Completed 200 OK in 6ms (Views: 5.2ms | ActiveRecord: 0.0ms | Allocations: 2730)


Started GET "/compute/view?n=145&commit=Compute+result" for 127.0.0.1 at 2023-11-12 19:20:12 +0000
Processing by ComputeController#view as HTML
  Parameters: {"n"=>"145", "commit"=>"Compute result"}
  Rendering layout layouts/application.html.erb
  Rendering compute/view.html.erb within layouts/application
  Rendered compute/view.html.erb within layouts/application (Duration: 0.1ms | Allocations: 49)
  Rendered layout layouts/application.html.erb (Duration: 7.5ms | Allocations: 2213)
Completed 200 OK in 9ms (Views: 8.6ms | ActiveRecord: 0.0ms | Allocations: 2761)


Started GET "/compute/view?n=5455&commit=Compute+result" for 127.0.0.1 at 2023-11-12 19:20:17 +0000
Processing by ComputeController#view as HTML
  Parameters: {"n"=>"5455", "commit"=>"Compute result"}
  Rendering layout layouts/application.html.erb
  Rendering compute/view.html.erb within layouts/application
  Rendered compute/view.html.erb within layouts/application (Duration: 0.1ms | Allocations: 89)
  Rendered layout layouts/application.html.erb (Duration: 3.1ms | Allocations: 2251)
Completed 200 OK in 7ms (Views: 3.6ms | ActiveRecord: 0.0ms | Allocations: 13418)


Started GET "/compute/view?n=5455&commit=Compute+result" for 127.0.0.1 at 2023-11-12 19:20:28 +0000
Processing by ComputeController#view as HTML
  Parameters: {"n"=>"5455", "commit"=>"Compute result"}
  Rendering layout layouts/application.html.erb
  Rendering compute/view.html.erb within layouts/application
  Rendered compute/view.html.erb within layouts/application (Duration: 0.2ms | Allocations: 89)
  Rendered layout layouts/application.html.erb (Duration: 2.8ms | Allocations: 2241)
Completed 200 OK in 6ms (Views: 3.3ms | ActiveRecord: 0.0ms | Allocations: 13406)


Started GET "/compute/view?n=5455&commit=Compute+result" for 127.0.0.1 at 2023-11-12 19:20:29 +0000
Processing by ComputeController#view as HTML
  Parameters: {"n"=>"5455", "commit"=>"Compute result"}
  Rendering layout layouts/application.html.erb
  Rendering compute/view.html.erb within layouts/application
  Rendered compute/view.html.erb within layouts/application (Duration: 0.1ms | Allocations: 89)
  Rendered layout layouts/application.html.erb (Duration: 3.2ms | Allocations: 2236)
Completed 200 OK in 5ms (Views: 3.6ms | ActiveRecord: 0.0ms | Allocations: 13402)


Started GET "/compute/view?n=5455&commit=Compute+result" for 127.0.0.1 at 2023-11-12 19:20:30 +0000
Processing by ComputeController#view as HTML
  Parameters: {"n"=>"5455", "commit"=>"Compute result"}
  Rendering layout layouts/application.html.erb
  Rendering compute/view.html.erb within layouts/application
  Rendered compute/view.html.erb within layouts/application (Duration: 0.3ms | Allocations: 251)
  Rendered layout layouts/application.html.erb (Duration: 10.8ms | Allocations: 13644)
Completed 200 OK in 14ms (Views: 12.1ms | ActiveRecord: 0.0ms | Allocations: 25470)


Started GET "/compute/view?n=5455&commit=Compute+result" for 127.0.0.1 at 2023-11-12 19:20:59 +0000
Processing by ComputeController#view as HTML
  Parameters: {"n"=>"5455", "commit"=>"Compute result"}
  Rendering layout layouts/application.html.erb
  Rendering compute/view.html.erb within layouts/application
  Rendered compute/view.html.erb within layouts/application (Duration: 0.3ms | Allocations: 89)
  Rendered layout layouts/application.html.erb (Duration: 3.1ms | Allocations: 2266)
Completed 200 OK in 6ms (Views: 3.6ms | ActiveRecord: 0.0ms | Allocations: 13431)


Started GET "/compute/view?n=5455&commit=Compute+result" for 127.0.0.1 at 2023-11-12 19:21:57 +0000
Processing by ComputeController#view as HTML
  Parameters: {"n"=>"5455", "commit"=>"Compute result"}
  Rendering layout layouts/application.html.erb
  Rendering compute/view.html.erb within layouts/application
  Rendered compute/view.html.erb within layouts/application (Duration: 0.5ms | Allocations: 251)
  Rendered layout layouts/application.html.erb (Duration: 12.2ms | Allocations: 13641)
Completed 200 OK in 17ms (Views: 13.6ms | ActiveRecord: 0.0ms | Allocations: 25467)


Started GET "/compute/view?n=5455&commit=Compute+result" for 127.0.0.1 at 2023-11-12 19:21:57 +0000
Processing by ComputeController#view as HTML
  Parameters: {"n"=>"5455", "commit"=>"Compute result"}
  Rendering layout layouts/application.html.erb
  Rendering compute/view.html.erb within layouts/application
  Rendered compute/view.html.erb within layouts/application (Duration: 0.1ms | Allocations: 89)
  Rendered layout layouts/application.html.erb (Duration: 3.1ms | Allocations: 2260)
Completed 200 OK in 6ms (Views: 3.6ms | ActiveRecord: 0.0ms | Allocations: 13425)


Started GET "/compute/view?n=5455&commit=Compute+result" for 127.0.0.1 at 2023-11-12 19:21:58 +0000
Processing by ComputeController#view as HTML
  Parameters: {"n"=>"5455", "commit"=>"Compute result"}
  Rendering layout layouts/application.html.erb
  Rendering compute/view.html.erb within layouts/application
  Rendered compute/view.html.erb within layouts/application (Duration: 0.4ms | Allocations: 251)
  Rendered layout layouts/application.html.erb (Duration: 10.2ms | Allocations: 13638)
Completed 200 OK in 13ms (Views: 11.2ms | ActiveRecord: 0.0ms | Allocations: 25464)


Started GET "/compute/view?n=5455&commit=Compute+result" for 127.0.0.1 at 2023-11-12 19:22:05 +0000
Processing by ComputeController#view as HTML
  Parameters: {"n"=>"5455", "commit"=>"Compute result"}
  Rendering layout layouts/application.html.erb
  Rendering compute/view.html.erb within layouts/application
  Rendered compute/view.html.erb within layouts/application (Duration: 0.4ms | Allocations: 249)
  Rendered layout layouts/application.html.erb (Duration: 10.1ms | Allocations: 13637)
Completed 200 OK in 14ms (Views: 11.3ms | ActiveRecord: 0.0ms | Allocations: 25465)


Started GET "/compute/view?n=5455&commit=Compute+result" for 127.0.0.1 at 2023-11-12 19:22:06 +0000
Processing by ComputeController#view as HTML
  Parameters: {"n"=>"5455", "commit"=>"Compute result"}
  Rendering layout layouts/application.html.erb
  Rendering compute/view.html.erb within layouts/application
  Rendered compute/view.html.erb within layouts/application (Duration: 0.3ms | Allocations: 89)
  Rendered layout layouts/application.html.erb (Duration: 3.5ms | Allocations: 2226)
Completed 200 OK in 6ms (Views: 4.0ms | ActiveRecord: 0.0ms | Allocations: 13392)


Started GET "/compute/view?n=5455&commit=Compute+result" for 127.0.0.1 at 2023-11-12 19:22:07 +0000
Processing by ComputeController#view as HTML
  Parameters: {"n"=>"5455", "commit"=>"Compute result"}
  Rendering layout layouts/application.html.erb
  Rendering compute/view.html.erb within layouts/application
  Rendered compute/view.html.erb within layouts/application (Duration: 0.4ms | Allocations: 249)
  Rendered layout layouts/application.html.erb (Duration: 10.6ms | Allocations: 13628)
Completed 200 OK in 17ms (Views: 12.2ms | ActiveRecord: 0.0ms | Allocations: 25455)


Started GET "/compute/view?n=5455&commit=Compute+result" for 127.0.0.1 at 2023-11-12 19:22:08 +0000
Processing by ComputeController#view as HTML
  Parameters: {"n"=>"5455", "commit"=>"Compute result"}
  Rendering layout layouts/application.html.erb
  Rendering compute/view.html.erb within layouts/application
  Rendered compute/view.html.erb within layouts/application (Duration: 0.1ms | Allocations: 89)
  Rendered layout layouts/application.html.erb (Duration: 3.2ms | Allocations: 2254)
Completed 200 OK in 5ms (Views: 3.6ms | ActiveRecord: 0.0ms | Allocations: 13420)


Started GET "/compute/view?n=5455&commit=Compute+result" for 127.0.0.1 at 2023-11-12 19:22:22 +0000
Processing by ComputeController#view as HTML
  Parameters: {"n"=>"5455", "commit"=>"Compute result"}
  Rendering layout layouts/application.html.erb
  Rendering compute/view.html.erb within layouts/application
  Rendered compute/view.html.erb within layouts/application (Duration: 0.1ms | Allocations: 89)
  Rendered layout layouts/application.html.erb (Duration: 3.1ms | Allocations: 2229)
Completed 200 OK in 6ms (Views: 3.6ms | ActiveRecord: 0.0ms | Allocations: 13395)


Started GET "/compute/view?n=5455&commit=Compute+result" for 127.0.0.1 at 2023-11-12 19:22:22 +0000
Processing by ComputeController#view as HTML
  Parameters: {"n"=>"5455", "commit"=>"Compute result"}
  Rendering layout layouts/application.html.erb
  Rendering compute/view.html.erb within layouts/application
  Rendered compute/view.html.erb within layouts/application (Duration: 0.1ms | Allocations: 89)
  Rendered layout layouts/application.html.erb (Duration: 3.2ms | Allocations: 2247)
Completed 200 OK in 5ms (Views: 3.7ms | ActiveRecord: 0.0ms | Allocations: 13412)


Started GET "/compute/view?n=5455&commit=Compute+result" for 127.0.0.1 at 2023-11-12 19:22:23 +0000
Processing by ComputeController#view as HTML
  Parameters: {"n"=>"5455", "commit"=>"Compute result"}
  Rendering layout layouts/application.html.erb
  Rendering compute/view.html.erb within layouts/application
  Rendered compute/view.html.erb within layouts/application (Duration: 0.1ms | Allocations: 89)
  Rendered layout layouts/application.html.erb (Duration: 4.2ms | Allocations: 2247)
Completed 200 OK in 6ms (Views: 4.6ms | ActiveRecord: 0.0ms | Allocations: 13413)


Started GET "/compute/view?n=5455&commit=Compute+result" for 127.0.0.1 at 2023-11-12 19:22:23 +0000
Processing by ComputeController#view as HTML
  Parameters: {"n"=>"5455", "commit"=>"Compute result"}
  Rendering layout layouts/application.html.erb
  Rendering compute/view.html.erb within layouts/application
  Rendered compute/view.html.erb within layouts/application (Duration: 0.1ms | Allocations: 89)
  Rendered layout layouts/application.html.erb (Duration: 3.1ms | Allocations: 2248)
Completed 200 OK in 6ms (Views: 3.7ms | ActiveRecord: 0.0ms | Allocations: 13413)


Started GET "/compute/view?n=5455&commit=Compute+result" for 127.0.0.1 at 2023-11-12 19:22:24 +0000
Processing by ComputeController#view as HTML
  Parameters: {"n"=>"5455", "commit"=>"Compute result"}
  Rendering layout layouts/application.html.erb
  Rendering compute/view.html.erb within layouts/application
  Rendered compute/view.html.erb within layouts/application (Duration: 0.1ms | Allocations: 89)
  Rendered layout layouts/application.html.erb (Duration: 3.9ms | Allocations: 2229)
Completed 200 OK in 8ms (Views: 4.5ms | ActiveRecord: 0.0ms | Allocations: 13395)


Started GET "/compute/view?n=5455&commit=Compute+result" for 127.0.0.1 at 2023-11-12 19:22:25 +0000
Processing by ComputeController#view as HTML
  Parameters: {"n"=>"5455", "commit"=>"Compute result"}
  Rendering layout layouts/application.html.erb
  Rendering compute/view.html.erb within layouts/application
  Rendered compute/view.html.erb within layouts/application (Duration: 0.4ms | Allocations: 252)
  Rendered layout layouts/application.html.erb (Duration: 14.6ms | Allocations: 13646)
Completed 200 OK in 17ms (Views: 15.7ms | ActiveRecord: 0.0ms | Allocations: 25473)


Started GET "/compute/view?n=5455&commit=Compute+result" for 127.0.0.1 at 2023-11-12 19:22:59 +0000
Processing by ComputeController#view as HTML
  Parameters: {"n"=>"5455", "commit"=>"Compute result"}
  Rendering layout layouts/application.html.erb
  Rendering compute/view.html.erb within layouts/application
  Rendered compute/view.html.erb within layouts/application (Duration: 0.4ms | Allocations: 253)
  Rendered layout layouts/application.html.erb (Duration: 10.0ms | Allocations: 13432)
Completed 200 OK in 14ms (Views: 11.3ms | ActiveRecord: 0.0ms | Allocations: 25258)


Started GET "/compute/view?n=5455&commit=Compute+result" for 127.0.0.1 at 2023-11-12 19:23:00 +0000
Processing by ComputeController#view as HTML
  Parameters: {"n"=>"5455", "commit"=>"Compute result"}
  Rendering layout layouts/application.html.erb
  Rendering compute/view.html.erb within layouts/application
  Rendered compute/view.html.erb within layouts/application (Duration: 0.4ms | Allocations: 251)
  Rendered layout layouts/application.html.erb (Duration: 12.2ms | Allocations: 13623)
Completed 200 OK in 16ms (Views: 13.6ms | ActiveRecord: 0.0ms | Allocations: 25449)


Started GET "/compute/view?n=5455&commit=Compute+result" for 127.0.0.1 at 2023-11-12 19:32:52 +0000
Processing by ComputeController#view as HTML
  Parameters: {"n"=>"5455", "commit"=>"Compute result"}
  Rendering layout layouts/application.html.erb
  Rendering compute/view.html.erb within layouts/application
  Rendered compute/view.html.erb within layouts/application (Duration: 0.4ms | Allocations: 265)
  Rendered layout layouts/application.html.erb (Duration: 10.6ms | Allocations: 13659)
Completed 200 OK in 14ms (Views: 11.8ms | ActiveRecord: 0.0ms | Allocations: 25485)


Started GET "/compute/view?n=5455&commit=Compute+result" for 127.0.0.1 at 2023-11-12 19:33:47 +0000
Processing by ComputeController#view as HTML
  Parameters: {"n"=>"5455", "commit"=>"Compute result"}
  Rendering layout layouts/application.html.erb
  Rendering compute/view.html.erb within layouts/application
  Rendered compute/view.html.erb within layouts/application (Duration: 0.4ms | Allocations: 264)
  Rendered layout layouts/application.html.erb (Duration: 10.3ms | Allocations: 13646)
Completed 200 OK in 15ms (Views: 11.6ms | ActiveRecord: 0.0ms | Allocations: 25472)


Started GET "/compute/view?n=5455&commit=Compute+result" for 127.0.0.1 at 2023-11-12 19:33:49 +0000
Processing by ComputeController#view as HTML
  Parameters: {"n"=>"5455", "commit"=>"Compute result"}
  Rendering layout layouts/application.html.erb
  Rendering compute/view.html.erb within layouts/application
  Rendered compute/view.html.erb within layouts/application (Duration: 0.2ms | Allocations: 91)
  Rendered layout layouts/application.html.erb (Duration: 3.9ms | Allocations: 2238)
Completed 200 OK in 6ms (Views: 4.3ms | ActiveRecord: 0.0ms | Allocations: 13404)


Started GET "/compute/view?n=5455&commit=Compute+result" for 127.0.0.1 at 2023-11-12 19:33:54 +0000
Processing by ComputeController#view as HTML
  Parameters: {"n"=>"5455", "commit"=>"Compute result"}
  Rendering layout layouts/application.html.erb
  Rendering compute/view.html.erb within layouts/application
  Rendered compute/view.html.erb within layouts/application (Duration: 0.2ms | Allocations: 91)
  Rendered layout layouts/application.html.erb (Duration: 5.2ms | Allocations: 2243)
Completed 200 OK in 10ms (Views: 6.8ms | ActiveRecord: 0.0ms | Allocations: 13408)


Started GET "/compute/view?n=5455&commit=Compute+result" for 127.0.0.1 at 2023-11-12 19:33:55 +0000
Processing by ComputeController#view as HTML
  Parameters: {"n"=>"5455", "commit"=>"Compute result"}
  Rendering layout layouts/application.html.erb
  Rendering compute/view.html.erb within layouts/application
  Rendered compute/view.html.erb within layouts/application (Duration: 0.1ms | Allocations: 91)
  Rendered layout layouts/application.html.erb (Duration: 3.0ms | Allocations: 2269)
Completed 200 OK in 7ms (Views: 3.5ms | ActiveRecord: 0.0ms | Allocations: 13435)


Started GET "/compute/view?n=5455&commit=Compute+result" for 127.0.0.1 at 2023-11-12 19:33:56 +0000
Processing by ComputeController#view as HTML
  Parameters: {"n"=>"5455", "commit"=>"Compute result"}
  Rendering layout layouts/application.html.erb
  Rendering compute/view.html.erb within layouts/application
  Rendered compute/view.html.erb within layouts/application (Duration: 0.4ms | Allocations: 271)
  Rendered layout layouts/application.html.erb (Duration: 12.0ms | Allocations: 13642)
Completed 200 OK in 15ms (Views: 13.3ms | ActiveRecord: 0.0ms | Allocations: 25468)


Started GET "/compute/view?n=5455&commit=Compute+result" for 127.0.0.1 at 2023-11-12 19:34:09 +0000
Processing by ComputeController#view as HTML
  Parameters: {"n"=>"5455", "commit"=>"Compute result"}
  Rendering layout layouts/application.html.erb
  Rendering compute/view.html.erb within layouts/application
  Rendered compute/view.html.erb within layouts/application (Duration: 0.5ms | Allocations: 271)
  Rendered layout layouts/application.html.erb (Duration: 145.5ms | Allocations: 13670)
Completed 200 OK in 160ms (Views: 156.9ms | ActiveRecord: 0.0ms | Allocations: 25496)


Started GET "/compute/view?n=5455&commit=Compute+result" for 127.0.0.1 at 2023-11-12 19:34:09 +0000
Processing by ComputeController#view as HTML
  Parameters: {"n"=>"5455", "commit"=>"Compute result"}
  Rendering layout layouts/application.html.erb
  Rendering compute/view.html.erb within layouts/application
  Rendered compute/view.html.erb within layouts/application (Duration: 0.2ms | Allocations: 91)
  Rendered layout layouts/application.html.erb (Duration: 2.9ms | Allocations: 2252)
Completed 200 OK in 7ms (Views: 3.4ms | ActiveRecord: 0.0ms | Allocations: 13417)


Started GET "/compute/view?n=5455&commit=Compute+result" for 127.0.0.1 at 2023-11-12 19:34:46 +0000
Processing by ComputeController#view as HTML
  Parameters: {"n"=>"5455", "commit"=>"Compute result"}
  Rendering layout layouts/application.html.erb
  Rendering compute/view.html.erb within layouts/application
  Rendered compute/view.html.erb within layouts/application (Duration: 0.4ms | Allocations: 269)
  Rendered layout layouts/application.html.erb (Duration: 10.9ms | Allocations: 13503)
Completed 200 OK in 14ms (Views: 12.0ms | ActiveRecord: 0.0ms | Allocations: 25329)


Started GET "/compute/view?n=5455&commit=Compute+result" for 127.0.0.1 at 2023-11-12 19:34:46 +0000
Processing by ComputeController#view as HTML
  Parameters: {"n"=>"5455", "commit"=>"Compute result"}
  Rendering layout layouts/application.html.erb
  Rendering compute/view.html.erb within layouts/application
  Rendered compute/view.html.erb within layouts/application (Duration: 0.1ms | Allocations: 91)
  Rendered layout layouts/application.html.erb (Duration: 2.8ms | Allocations: 2269)
Completed 200 OK in 8ms (Views: 3.2ms | ActiveRecord: 0.0ms | Allocations: 13435)


Started GET "/" for 127.0.0.1 at 2023-11-12 19:34:56 +0000
Processing by MainController#index as HTML
Redirected to http://127.0.0.1:3000/compute/input
Completed 302 Found in 1ms (ActiveRecord: 0.0ms | Allocations: 164)


Started GET "/compute/input" for 127.0.0.1 at 2023-11-12 19:34:56 +0000
Processing by ComputeController#input as HTML
  Rendering layout layouts/application.html.erb
  Rendering compute/input.html.erb within layouts/application
  Rendered compute/input.html.erb within layouts/application (Duration: 0.7ms | Allocations: 286)
  Rendered layout layouts/application.html.erb (Duration: 3.8ms | Allocations: 2452)
Completed 200 OK in 5ms (Views: 4.2ms | ActiveRecord: 0.0ms | Allocations: 2755)


Started GET "/" for 127.0.0.1 at 2023-11-14 09:20:30 +0000
  [1m[36mActiveRecord::SchemaMigration Load (0.1ms)[0m  [1m[34mSELECT "schema_migrations"."version" FROM "schema_migrations" ORDER BY "schema_migrations"."version" ASC[0m
Processing by MainController#index as HTML
Redirected to http://127.0.0.1:3000/compute/input
Completed 302 Found in 2ms (ActiveRecord: 0.0ms | Allocations: 1091)


Started GET "/compute/input" for 127.0.0.1 at 2023-11-14 09:20:30 +0000
Processing by ComputeController#input as HTML
  Rendering layout layouts/application.html.erb
  Rendering compute/input.html.erb within layouts/application
  Rendered compute/input.html.erb within layouts/application (Duration: 0.9ms | Allocations: 482)
  Rendered layout layouts/application.html.erb (Duration: 151.8ms | Allocations: 40432)
Completed 200 OK in 167ms (Views: 158.8ms | ActiveRecord: 0.0ms | Allocations: 43670)


Started GET "/compute/view?n=123&commit=Compute+result" for 127.0.0.1 at 2023-11-14 09:20:37 +0000
Processing by ComputeController#view as HTML
  Parameters: {"n"=>"123", "commit"=>"Compute result"}
  Rendering layout layouts/application.html.erb
  Rendering compute/view.html.erb within layouts/application
  Rendered compute/view.html.erb within layouts/application (Duration: 0.7ms | Allocations: 229)
  Rendered layout layouts/application.html.erb (Duration: 3.7ms | Allocations: 2425)
Completed 200 OK in 8ms (Views: 4.4ms | ActiveRecord: 0.0ms | Allocations: 2997)


Started GET "/compute/view?n=155&commit=Compute+result" for 127.0.0.1 at 2023-11-14 09:20:41 +0000
Processing by ComputeController#view as HTML
  Parameters: {"n"=>"155", "commit"=>"Compute result"}
  Rendering layout layouts/application.html.erb
  Rendering compute/view.html.erb within layouts/application
  Rendered compute/view.html.erb within layouts/application (Duration: 0.1ms | Allocations: 51)
  Rendered layout layouts/application.html.erb (Duration: 3.3ms | Allocations: 2256)
Completed 200 OK in 4ms (Views: 3.7ms | ActiveRecord: 0.0ms | Allocations: 2825)


Started GET "/compute/view?n=155&commit=Compute+result" for 127.0.0.1 at 2023-11-14 09:20:45 +0000
Processing by ComputeController#view as HTML
  Parameters: {"n"=>"155", "commit"=>"Compute result"}
  Rendering layout layouts/application.html.erb
  Rendering compute/view.html.erb within layouts/application
  Rendered compute/view.html.erb within layouts/application (Duration: 0.1ms | Allocations: 51)
  Rendered layout layouts/application.html.erb (Duration: 3.8ms | Allocations: 2244)
Completed 200 OK in 6ms (Views: 5.9ms | ActiveRecord: 0.0ms | Allocations: 2813)


Started GET "/compute/view?n=&commit=Compute+result" for 127.0.0.1 at 2023-11-14 09:20:54 +0000
Processing by ComputeController#view as HTML
  Parameters: {"n"=>"", "commit"=>"Compute result"}
  Rendering layout layouts/application.html.erb
  Rendering compute/view.html.erb within layouts/application
  Rendered compute/view.html.erb within layouts/application (Duration: 0.1ms | Allocations: 15)
  Rendered layout layouts/application.html.erb (Duration: 3.0ms | Allocations: 2196)
Completed 200 OK in 4ms (Views: 3.4ms | ActiveRecord: 0.0ms | Allocations: 2455)


Started GET "/compute/input" for 127.0.0.1 at 2023-11-14 09:42:31 +0000
  [1m[36mActiveRecord::SchemaMigration Load (0.1ms)[0m  [1m[34mSELECT "schema_migrations"."version" FROM "schema_migrations" ORDER BY "schema_migrations"."version" ASC[0m
Processing by ComputeController#input as HTML
  Rendering layout layouts/application.html.erb
  Rendering compute/input.html.erb within layouts/application
  Rendered compute/input.html.erb within layouts/application (Duration: 0.9ms | Allocations: 483)
  Rendered layout layouts/application.html.erb (Duration: 49.6ms | Allocations: 35595)
Completed 200 OK in 57ms (Views: 52.3ms | ActiveRecord: 0.0ms | Allocations: 39658)


Started GET "/compute/view?n=123&commit=Compute+result" for 127.0.0.1 at 2023-11-14 09:42:32 +0000
Processing by ComputeController#view as HTML
  Parameters: {"n"=>"123", "commit"=>"Compute result"}
  Rendering layout layouts/application.html.erb
  Rendering compute/view.html.erb within layouts/application
  Rendered compute/view.html.erb within layouts/application (Duration: 0.4ms | Allocations: 229)
  Rendered layout layouts/application.html.erb (Duration: 3.6ms | Allocations: 2416)
Completed 200 OK in 5ms (Views: 4.1ms | ActiveRecord: 0.0ms | Allocations: 2988)


Started GET "/compute/view?n=123&commit=Compute+result" for 127.0.0.1 at 2023-11-14 10:06:21 +0000
Processing by ComputeController#view as HTML
  Parameters: {"n"=>"123", "commit"=>"Compute result"}
  Rendering layout layouts/application.html.erb
  Rendering compute/view.html.erb within layouts/application
  Rendered compute/view.html.erb within layouts/application (Duration: 0.1ms | Allocations: 51)
  Rendered layout layouts/application.html.erb (Duration: 2.9ms | Allocations: 2272)
Completed 200 OK in 4ms (Views: 3.3ms | ActiveRecord: 0.0ms | Allocations: 2777)


